#
# There is insufficient memory for the Java Runtime Environment to continue.
# Native memory allocation (malloc) failed to allocate 35776 bytes for Chunk::new
# Possible reasons:
#   The system is out of physical RAM or swap space
#   The process is running with CompressedOops enabled, and the Java Heap may be blocking the growth of the native heap
# Possible solutions:
#   Reduce memory load on the system
#   Increase physical memory or swap space
#   Check if swap backing store is full
#   Decrease Java heap size (-Xmx/-Xms)
#   Decrease number of Java threads
#   Decrease Java thread stack sizes (-Xss)
#   Set larger code cache with -XX:ReservedCodeCacheSize=
#   JVM is running with Unscaled Compressed Oops mode in which the Java heap is
#     placed in the first 4GB address space. The Java Heap base address is the
#     maximum limit for the native heap growth. Please use -XX:HeapBaseMinAddress
#     to set the Java Heap base and to place the Java Heap above 4GB virtual address.
# This output file may be truncated or incomplete.
#
#  Out of Memory Error (./open/src/hotspot/share/memory/arena.cpp:195), pid=8384, tid=4296
#
# JRE version: OpenJDK Runtime Environment (15.0.1+9) (build 15.0.1+9-18)
# Java VM: OpenJDK 64-Bit Server VM (15.0.1+9-18, mixed mode, tiered, compressed oops, g1 gc, windows-amd64)
# No core dump will be written. Minidumps are not enabled by default on client versions of Windows
#

---------------  S U M M A R Y ------------

Command Line: -Dfile.encoding=UTF-8 -XX:+ShowCodeDetailsInExceptionMessages br.com.erudio.Startup

Host: Intel(R) Core(TM) i5-3230M CPU @ 2.60GHz, 4 cores, 7G,  Windows 10 , 64 bit Build 18362 (10.0.18362.1316)
Time: Tue Jan 26 20:34:41 2021 Hora oficial do Brasil elapsed time: 0.364341 seconds (0d 0h 0m 0s)

---------------  T H R E A D  ---------------

Current thread (0x0000026a3159b0c0):  JavaThread "C2 CompilerThread1" daemon [_thread_in_native, id=4296, stack(0x000000cd0cb00000,0x000000cd0cc00000)]


Current CompileTask:
C2:    364  139       4       java.util.zip.ZipFile$Source::isMetaName (141 bytes)

Stack: [0x000000cd0cb00000,0x000000cd0cc00000]
Native frames: (J=compiled Java code, j=interpreted, Vv=VM code, C=native code)
V  [jvm.dll+0x62ae9a]
V  [jvm.dll+0x781389]
V  [jvm.dll+0x782ae3]
V  [jvm.dll+0x783143]
V  [jvm.dll+0x216265]
V  [jvm.dll+0x97efa]
V  [jvm.dll+0x985dc]
V  [jvm.dll+0x27a1bf]
V  [jvm.dll+0x5408d4]
V  [jvm.dll+0x1f3064]
V  [jvm.dll+0x1eca31]
V  [jvm.dll+0x1e97a7]
V  [jvm.dll+0x1784c7]
V  [jvm.dll+0x1f9165]
V  [jvm.dll+0x1f720c]
V  [jvm.dll+0x74485d]
V  [jvm.dll+0x73d65a]
V  [jvm.dll+0x629c56]
C  [ucrtbase.dll+0x210b2]
C  [KERNEL32.DLL+0x17c24]
C  [ntdll.dll+0x6d4d1]


---------------  P R O C E S S  ---------------

Threads class SMR info:
_java_thread_list=0x0000026a4d95cc90, length=12, elements={
0x0000026a3159a2a0, 0x0000026a4d772010, 0x0000026a4d7729d0, 0x0000026a4d798000,
0x0000026a4d79add0, 0x0000026a4d79b790, 0x0000026a4d79c530, 0x0000026a4d805e60,
0x0000026a4d818360, 0x0000026a4d92c010, 0x0000026a4d93f6e0, 0x0000026a3159b0c0
}

Java Threads: ( => current thread )
  0x0000026a3159a2a0 JavaThread "main" [_thread_in_native, id=10108, stack(0x000000cd0b900000,0x000000cd0ba00000)]
  0x0000026a4d772010 JavaThread "Reference Handler" daemon [_thread_blocked, id=7484, stack(0x000000cd0c000000,0x000000cd0c100000)]
  0x0000026a4d7729d0 JavaThread "Finalizer" daemon [_thread_blocked, id=236, stack(0x000000cd0c100000,0x000000cd0c200000)]
  0x0000026a4d798000 JavaThread "Signal Dispatcher" daemon [_thread_blocked, id=5364, stack(0x000000cd0c200000,0x000000cd0c300000)]
  0x0000026a4d79add0 JavaThread "Attach Listener" daemon [_thread_blocked, id=10412, stack(0x000000cd0c300000,0x000000cd0c400000)]
  0x0000026a4d79b790 JavaThread "Service Thread" daemon [_thread_blocked, id=60, stack(0x000000cd0c400000,0x000000cd0c500000)]
  0x0000026a4d79c530 JavaThread "C2 CompilerThread0" daemon [_thread_blocked, id=5676, stack(0x000000cd0c500000,0x000000cd0c600000)]
  0x0000026a4d805e60 JavaThread "C1 CompilerThread0" daemon [_thread_blocked, id=4960, stack(0x000000cd0c600000,0x000000cd0c700000)]
  0x0000026a4d818360 JavaThread "Sweeper thread" daemon [_thread_blocked, id=8356, stack(0x000000cd0c700000,0x000000cd0c800000)]
  0x0000026a4d92c010 JavaThread "Notification Thread" daemon [_thread_blocked, id=4660, stack(0x000000cd0c800000,0x000000cd0c900000)]
  0x0000026a4d93f6e0 JavaThread "Common-Cleaner" daemon [_thread_blocked, id=10424, stack(0x000000cd0ca00000,0x000000cd0cb00000)]
=>0x0000026a3159b0c0 JavaThread "C2 CompilerThread1" daemon [_thread_in_native, id=4296, stack(0x000000cd0cb00000,0x000000cd0cc00000)]

Other Threads:
  0x0000026a4d75daf0 VMThread "VM Thread" [stack: 0x000000cd0bf00000,0x000000cd0c000000] [id=3680]
  0x0000026a4d92e900 WatcherThread [stack: 0x000000cd0c900000,0x000000cd0ca00000] [id=5564]
  0x0000026a315db3e0 GCTaskThread "GC Thread#0" [stack: 0x000000cd0ba00000,0x000000cd0bb00000] [id=7432]
  0x0000026a315ec9a0 ConcurrentGCThread "G1 Main Marker" [stack: 0x000000cd0bb00000,0x000000cd0bc00000] [id=10692]
  0x0000026a315ee530 ConcurrentGCThread "G1 Conc#0" [stack: 0x000000cd0bc00000,0x000000cd0bd00000] [id=8408]
  0x0000026a4cd60090 ConcurrentGCThread "G1 Refine#0" [stack: 0x000000cd0bd00000,0x000000cd0be00000] [id=6464]
  0x0000026a4cd61bb0 ConcurrentGCThread "G1 Young RemSet Sampling" [stack: 0x000000cd0be00000,0x000000cd0bf00000] [id=9828]

Threads with active compile tasks:
C2 CompilerThread1      398  139       4       java.util.zip.ZipFile$Source::isMetaName (141 bytes)

VM state: not at safepoint (normal execution)

VM Mutex/Monitor currently owned by a thread: None

Heap address: 0x0000000081e00000, size: 2018 MB, Compressed Oops mode: 32-bit
CDS disabled.
Compressed class space mapped at: 0x0000000100000000-0x0000000140000000, size: 1073741824
Narrow klass base: 0x0000000000000000, Narrow klass shift: 3, Narrow klass range: 0x140000000

GC Precious Log:
 CPUs: 4 total, 4 available
 Memory: 8068M
 Large Page Support: Disabled
 NUMA Support: Disabled
 Compressed Oops: Enabled (32-bit)
 Heap Region Size: 1M
 Heap Min Capacity: 8M
 Heap Initial Capacity: 128M
 Heap Max Capacity: 2018M
 Pre-touch: Disabled
 Parallel Workers: 4
 Concurrent Workers: 1
 Concurrent Refinement Workers: 4
 Periodic GC: Disabled

Heap:
 garbage-first heap   total 131072K, used 2048K [0x0000000081e00000, 0x0000000100000000)
  region size 1024K, 3 young (3072K), 0 survivors (0K)
 Metaspace       used 4677K, capacity 4734K, committed 4864K, reserved 1056768K
  class space    used 395K, capacity 426K, committed 512K, reserved 1048576K

Heap Regions: E=young(eden), S=young(survivor), O=old, HS=humongous(starts), HC=humongous(continues), CS=collection set, F=free, OA=open archive, CA=closed archive, TAMS=top-at-mark-start (previous, next)
|   0|0x0000000081e00000, 0x0000000081e00000, 0x0000000081f00000|  0%| F|  |TAMS 0x0000000081e00000, 0x0000000081e00000| Untracked 
|   1|0x0000000081f00000, 0x0000000081f00000, 0x0000000082000000|  0%| F|  |TAMS 0x0000000081f00000, 0x0000000081f00000| Untracked 
|   2|0x0000000082000000, 0x0000000082000000, 0x0000000082100000|  0%| F|  |TAMS 0x0000000082000000, 0x0000000082000000| Untracked 
|   3|0x0000000082100000, 0x0000000082100000, 0x0000000082200000|  0%| F|  |TAMS 0x0000000082100000, 0x0000000082100000| Untracked 
|   4|0x0000000082200000, 0x0000000082200000, 0x0000000082300000|  0%| F|  |TAMS 0x0000000082200000, 0x0000000082200000| Untracked 
|   5|0x0000000082300000, 0x0000000082300000, 0x0000000082400000|  0%| F|  |TAMS 0x0000000082300000, 0x0000000082300000| Untracked 
|   6|0x0000000082400000, 0x0000000082400000, 0x0000000082500000|  0%| F|  |TAMS 0x0000000082400000, 0x0000000082400000| Untracked 
|   7|0x0000000082500000, 0x0000000082500000, 0x0000000082600000|  0%| F|  |TAMS 0x0000000082500000, 0x0000000082500000| Untracked 
|   8|0x0000000082600000, 0x0000000082600000, 0x0000000082700000|  0%| F|  |TAMS 0x0000000082600000, 0x0000000082600000| Untracked 
|   9|0x0000000082700000, 0x0000000082700000, 0x0000000082800000|  0%| F|  |TAMS 0x0000000082700000, 0x0000000082700000| Untracked 
|  10|0x0000000082800000, 0x0000000082800000, 0x0000000082900000|  0%| F|  |TAMS 0x0000000082800000, 0x0000000082800000| Untracked 
|  11|0x0000000082900000, 0x0000000082900000, 0x0000000082a00000|  0%| F|  |TAMS 0x0000000082900000, 0x0000000082900000| Untracked 
|  12|0x0000000082a00000, 0x0000000082a00000, 0x0000000082b00000|  0%| F|  |TAMS 0x0000000082a00000, 0x0000000082a00000| Untracked 
|  13|0x0000000082b00000, 0x0000000082b00000, 0x0000000082c00000|  0%| F|  |TAMS 0x0000000082b00000, 0x0000000082b00000| Untracked 
|  14|0x0000000082c00000, 0x0000000082c00000, 0x0000000082d00000|  0%| F|  |TAMS 0x0000000082c00000, 0x0000000082c00000| Untracked 
|  15|0x0000000082d00000, 0x0000000082d00000, 0x0000000082e00000|  0%| F|  |TAMS 0x0000000082d00000, 0x0000000082d00000| Untracked 
|  16|0x0000000082e00000, 0x0000000082e00000, 0x0000000082f00000|  0%| F|  |TAMS 0x0000000082e00000, 0x0000000082e00000| Untracked 
|  17|0x0000000082f00000, 0x0000000082f00000, 0x0000000083000000|  0%| F|  |TAMS 0x0000000082f00000, 0x0000000082f00000| Untracked 
|  18|0x0000000083000000, 0x0000000083000000, 0x0000000083100000|  0%| F|  |TAMS 0x0000000083000000, 0x0000000083000000| Untracked 
|  19|0x0000000083100000, 0x0000000083100000, 0x0000000083200000|  0%| F|  |TAMS 0x0000000083100000, 0x0000000083100000| Untracked 
|  20|0x0000000083200000, 0x0000000083200000, 0x0000000083300000|  0%| F|  |TAMS 0x0000000083200000, 0x0000000083200000| Untracked 
|  21|0x0000000083300000, 0x0000000083300000, 0x0000000083400000|  0%| F|  |TAMS 0x0000000083300000, 0x0000000083300000| Untracked 
|  22|0x0000000083400000, 0x0000000083400000, 0x0000000083500000|  0%| F|  |TAMS 0x0000000083400000, 0x0000000083400000| Untracked 
|  23|0x0000000083500000, 0x0000000083500000, 0x0000000083600000|  0%| F|  |TAMS 0x0000000083500000, 0x0000000083500000| Untracked 
|  24|0x0000000083600000, 0x0000000083600000, 0x0000000083700000|  0%| F|  |TAMS 0x0000000083600000, 0x0000000083600000| Untracked 
|  25|0x0000000083700000, 0x0000000083700000, 0x0000000083800000|  0%| F|  |TAMS 0x0000000083700000, 0x0000000083700000| Untracked 
|  26|0x0000000083800000, 0x0000000083800000, 0x0000000083900000|  0%| F|  |TAMS 0x0000000083800000, 0x0000000083800000| Untracked 
|  27|0x0000000083900000, 0x0000000083900000, 0x0000000083a00000|  0%| F|  |TAMS 0x0000000083900000, 0x0000000083900000| Untracked 
|  28|0x0000000083a00000, 0x0000000083a00000, 0x0000000083b00000|  0%| F|  |TAMS 0x0000000083a00000, 0x0000000083a00000| Untracked 
|  29|0x0000000083b00000, 0x0000000083b00000, 0x0000000083c00000|  0%| F|  |TAMS 0x0000000083b00000, 0x0000000083b00000| Untracked 
|  30|0x0000000083c00000, 0x0000000083c00000, 0x0000000083d00000|  0%| F|  |TAMS 0x0000000083c00000, 0x0000000083c00000| Untracked 
|  31|0x0000000083d00000, 0x0000000083d00000, 0x0000000083e00000|  0%| F|  |TAMS 0x0000000083d00000, 0x0000000083d00000| Untracked 
|  32|0x0000000083e00000, 0x0000000083e00000, 0x0000000083f00000|  0%| F|  |TAMS 0x0000000083e00000, 0x0000000083e00000| Untracked 
|  33|0x0000000083f00000, 0x0000000083f00000, 0x0000000084000000|  0%| F|  |TAMS 0x0000000083f00000, 0x0000000083f00000| Untracked 
|  34|0x0000000084000000, 0x0000000084000000, 0x0000000084100000|  0%| F|  |TAMS 0x0000000084000000, 0x0000000084000000| Untracked 
|  35|0x0000000084100000, 0x0000000084100000, 0x0000000084200000|  0%| F|  |TAMS 0x0000000084100000, 0x0000000084100000| Untracked 
|  36|0x0000000084200000, 0x0000000084200000, 0x0000000084300000|  0%| F|  |TAMS 0x0000000084200000, 0x0000000084200000| Untracked 
|  37|0x0000000084300000, 0x0000000084300000, 0x0000000084400000|  0%| F|  |TAMS 0x0000000084300000, 0x0000000084300000| Untracked 
|  38|0x0000000084400000, 0x0000000084400000, 0x0000000084500000|  0%| F|  |TAMS 0x0000000084400000, 0x0000000084400000| Untracked 
|  39|0x0000000084500000, 0x0000000084500000, 0x0000000084600000|  0%| F|  |TAMS 0x0000000084500000, 0x0000000084500000| Untracked 
|  40|0x0000000084600000, 0x0000000084600000, 0x0000000084700000|  0%| F|  |TAMS 0x0000000084600000, 0x0000000084600000| Untracked 
|  41|0x0000000084700000, 0x0000000084700000, 0x0000000084800000|  0%| F|  |TAMS 0x0000000084700000, 0x0000000084700000| Untracked 
|  42|0x0000000084800000, 0x0000000084800000, 0x0000000084900000|  0%| F|  |TAMS 0x0000000084800000, 0x0000000084800000| Untracked 
|  43|0x0000000084900000, 0x0000000084900000, 0x0000000084a00000|  0%| F|  |TAMS 0x0000000084900000, 0x0000000084900000| Untracked 
|  44|0x0000000084a00000, 0x0000000084a00000, 0x0000000084b00000|  0%| F|  |TAMS 0x0000000084a00000, 0x0000000084a00000| Untracked 
|  45|0x0000000084b00000, 0x0000000084b00000, 0x0000000084c00000|  0%| F|  |TAMS 0x0000000084b00000, 0x0000000084b00000| Untracked 
|  46|0x0000000084c00000, 0x0000000084c00000, 0x0000000084d00000|  0%| F|  |TAMS 0x0000000084c00000, 0x0000000084c00000| Untracked 
|  47|0x0000000084d00000, 0x0000000084d00000, 0x0000000084e00000|  0%| F|  |TAMS 0x0000000084d00000, 0x0000000084d00000| Untracked 
|  48|0x0000000084e00000, 0x0000000084e00000, 0x0000000084f00000|  0%| F|  |TAMS 0x0000000084e00000, 0x0000000084e00000| Untracked 
|  49|0x0000000084f00000, 0x0000000084f00000, 0x0000000085000000|  0%| F|  |TAMS 0x0000000084f00000, 0x0000000084f00000| Untracked 
|  50|0x0000000085000000, 0x0000000085000000, 0x0000000085100000|  0%| F|  |TAMS 0x0000000085000000, 0x0000000085000000| Untracked 
|  51|0x0000000085100000, 0x0000000085100000, 0x0000000085200000|  0%| F|  |TAMS 0x0000000085100000, 0x0000000085100000| Untracked 
|  52|0x0000000085200000, 0x0000000085200000, 0x0000000085300000|  0%| F|  |TAMS 0x0000000085200000, 0x0000000085200000| Untracked 
|  53|0x0000000085300000, 0x0000000085300000, 0x0000000085400000|  0%| F|  |TAMS 0x0000000085300000, 0x0000000085300000| Untracked 
|  54|0x0000000085400000, 0x0000000085400000, 0x0000000085500000|  0%| F|  |TAMS 0x0000000085400000, 0x0000000085400000| Untracked 
|  55|0x0000000085500000, 0x0000000085500000, 0x0000000085600000|  0%| F|  |TAMS 0x0000000085500000, 0x0000000085500000| Untracked 
|  56|0x0000000085600000, 0x0000000085600000, 0x0000000085700000|  0%| F|  |TAMS 0x0000000085600000, 0x0000000085600000| Untracked 
|  57|0x0000000085700000, 0x0000000085700000, 0x0000000085800000|  0%| F|  |TAMS 0x0000000085700000, 0x0000000085700000| Untracked 
|  58|0x0000000085800000, 0x0000000085800000, 0x0000000085900000|  0%| F|  |TAMS 0x0000000085800000, 0x0000000085800000| Untracked 
|  59|0x0000000085900000, 0x0000000085900000, 0x0000000085a00000|  0%| F|  |TAMS 0x0000000085900000, 0x0000000085900000| Untracked 
|  60|0x0000000085a00000, 0x0000000085a00000, 0x0000000085b00000|  0%| F|  |TAMS 0x0000000085a00000, 0x0000000085a00000| Untracked 
|  61|0x0000000085b00000, 0x0000000085b00000, 0x0000000085c00000|  0%| F|  |TAMS 0x0000000085b00000, 0x0000000085b00000| Untracked 
|  62|0x0000000085c00000, 0x0000000085c00000, 0x0000000085d00000|  0%| F|  |TAMS 0x0000000085c00000, 0x0000000085c00000| Untracked 
|  63|0x0000000085d00000, 0x0000000085d00000, 0x0000000085e00000|  0%| F|  |TAMS 0x0000000085d00000, 0x0000000085d00000| Untracked 
|  64|0x0000000085e00000, 0x0000000085e00000, 0x0000000085f00000|  0%| F|  |TAMS 0x0000000085e00000, 0x0000000085e00000| Untracked 
|  65|0x0000000085f00000, 0x0000000085f00000, 0x0000000086000000|  0%| F|  |TAMS 0x0000000085f00000, 0x0000000085f00000| Untracked 
|  66|0x0000000086000000, 0x0000000086000000, 0x0000000086100000|  0%| F|  |TAMS 0x0000000086000000, 0x0000000086000000| Untracked 
|  67|0x0000000086100000, 0x0000000086100000, 0x0000000086200000|  0%| F|  |TAMS 0x0000000086100000, 0x0000000086100000| Untracked 
|  68|0x0000000086200000, 0x0000000086200000, 0x0000000086300000|  0%| F|  |TAMS 0x0000000086200000, 0x0000000086200000| Untracked 
|  69|0x0000000086300000, 0x0000000086300000, 0x0000000086400000|  0%| F|  |TAMS 0x0000000086300000, 0x0000000086300000| Untracked 
|  70|0x0000000086400000, 0x0000000086400000, 0x0000000086500000|  0%| F|  |TAMS 0x0000000086400000, 0x0000000086400000| Untracked 
|  71|0x0000000086500000, 0x0000000086500000, 0x0000000086600000|  0%| F|  |TAMS 0x0000000086500000, 0x0000000086500000| Untracked 
|  72|0x0000000086600000, 0x0000000086600000, 0x0000000086700000|  0%| F|  |TAMS 0x0000000086600000, 0x0000000086600000| Untracked 
|  73|0x0000000086700000, 0x0000000086700000, 0x0000000086800000|  0%| F|  |TAMS 0x0000000086700000, 0x0000000086700000| Untracked 
|  74|0x0000000086800000, 0x0000000086800000, 0x0000000086900000|  0%| F|  |TAMS 0x0000000086800000, 0x0000000086800000| Untracked 
|  75|0x0000000086900000, 0x0000000086900000, 0x0000000086a00000|  0%| F|  |TAMS 0x0000000086900000, 0x0000000086900000| Untracked 
|  76|0x0000000086a00000, 0x0000000086a00000, 0x0000000086b00000|  0%| F|  |TAMS 0x0000000086a00000, 0x0000000086a00000| Untracked 
|  77|0x0000000086b00000, 0x0000000086b00000, 0x0000000086c00000|  0%| F|  |TAMS 0x0000000086b00000, 0x0000000086b00000| Untracked 
|  78|0x0000000086c00000, 0x0000000086c00000, 0x0000000086d00000|  0%| F|  |TAMS 0x0000000086c00000, 0x0000000086c00000| Untracked 
|  79|0x0000000086d00000, 0x0000000086d00000, 0x0000000086e00000|  0%| F|  |TAMS 0x0000000086d00000, 0x0000000086d00000| Untracked 
|  80|0x0000000086e00000, 0x0000000086e00000, 0x0000000086f00000|  0%| F|  |TAMS 0x0000000086e00000, 0x0000000086e00000| Untracked 
|  81|0x0000000086f00000, 0x0000000086f00000, 0x0000000087000000|  0%| F|  |TAMS 0x0000000086f00000, 0x0000000086f00000| Untracked 
|  82|0x0000000087000000, 0x0000000087000000, 0x0000000087100000|  0%| F|  |TAMS 0x0000000087000000, 0x0000000087000000| Untracked 
|  83|0x0000000087100000, 0x0000000087100000, 0x0000000087200000|  0%| F|  |TAMS 0x0000000087100000, 0x0000000087100000| Untracked 
|  84|0x0000000087200000, 0x0000000087200000, 0x0000000087300000|  0%| F|  |TAMS 0x0000000087200000, 0x0000000087200000| Untracked 
|  85|0x0000000087300000, 0x0000000087300000, 0x0000000087400000|  0%| F|  |TAMS 0x0000000087300000, 0x0000000087300000| Untracked 
|  86|0x0000000087400000, 0x0000000087400000, 0x0000000087500000|  0%| F|  |TAMS 0x0000000087400000, 0x0000000087400000| Untracked 
|  87|0x0000000087500000, 0x0000000087500000, 0x0000000087600000|  0%| F|  |TAMS 0x0000000087500000, 0x0000000087500000| Untracked 
|  88|0x0000000087600000, 0x0000000087600000, 0x0000000087700000|  0%| F|  |TAMS 0x0000000087600000, 0x0000000087600000| Untracked 
|  89|0x0000000087700000, 0x0000000087700000, 0x0000000087800000|  0%| F|  |TAMS 0x0000000087700000, 0x0000000087700000| Untracked 
|  90|0x0000000087800000, 0x0000000087800000, 0x0000000087900000|  0%| F|  |TAMS 0x0000000087800000, 0x0000000087800000| Untracked 
|  91|0x0000000087900000, 0x0000000087900000, 0x0000000087a00000|  0%| F|  |TAMS 0x0000000087900000, 0x0000000087900000| Untracked 
|  92|0x0000000087a00000, 0x0000000087a00000, 0x0000000087b00000|  0%| F|  |TAMS 0x0000000087a00000, 0x0000000087a00000| Untracked 
|  93|0x0000000087b00000, 0x0000000087b00000, 0x0000000087c00000|  0%| F|  |TAMS 0x0000000087b00000, 0x0000000087b00000| Untracked 
|  94|0x0000000087c00000, 0x0000000087c00000, 0x0000000087d00000|  0%| F|  |TAMS 0x0000000087c00000, 0x0000000087c00000| Untracked 
|  95|0x0000000087d00000, 0x0000000087d00000, 0x0000000087e00000|  0%| F|  |TAMS 0x0000000087d00000, 0x0000000087d00000| Untracked 
|  96|0x0000000087e00000, 0x0000000087e00000, 0x0000000087f00000|  0%| F|  |TAMS 0x0000000087e00000, 0x0000000087e00000| Untracked 
|  97|0x0000000087f00000, 0x0000000087f00000, 0x0000000088000000|  0%| F|  |TAMS 0x0000000087f00000, 0x0000000087f00000| Untracked 
|  98|0x0000000088000000, 0x0000000088000000, 0x0000000088100000|  0%| F|  |TAMS 0x0000000088000000, 0x0000000088000000| Untracked 
|  99|0x0000000088100000, 0x0000000088100000, 0x0000000088200000|  0%| F|  |TAMS 0x0000000088100000, 0x0000000088100000| Untracked 
| 100|0x0000000088200000, 0x0000000088200000, 0x0000000088300000|  0%| F|  |TAMS 0x0000000088200000, 0x0000000088200000| Untracked 
| 101|0x0000000088300000, 0x0000000088300000, 0x0000000088400000|  0%| F|  |TAMS 0x0000000088300000, 0x0000000088300000| Untracked 
| 102|0x0000000088400000, 0x0000000088400000, 0x0000000088500000|  0%| F|  |TAMS 0x0000000088400000, 0x0000000088400000| Untracked 
| 103|0x0000000088500000, 0x0000000088500000, 0x0000000088600000|  0%| F|  |TAMS 0x0000000088500000, 0x0000000088500000| Untracked 
| 104|0x0000000088600000, 0x0000000088600000, 0x0000000088700000|  0%| F|  |TAMS 0x0000000088600000, 0x0000000088600000| Untracked 
| 105|0x0000000088700000, 0x0000000088700000, 0x0000000088800000|  0%| F|  |TAMS 0x0000000088700000, 0x0000000088700000| Untracked 
| 106|0x0000000088800000, 0x0000000088800000, 0x0000000088900000|  0%| F|  |TAMS 0x0000000088800000, 0x0000000088800000| Untracked 
| 107|0x0000000088900000, 0x0000000088900000, 0x0000000088a00000|  0%| F|  |TAMS 0x0000000088900000, 0x0000000088900000| Untracked 
| 108|0x0000000088a00000, 0x0000000088a00000, 0x0000000088b00000|  0%| F|  |TAMS 0x0000000088a00000, 0x0000000088a00000| Untracked 
| 109|0x0000000088b00000, 0x0000000088b00000, 0x0000000088c00000|  0%| F|  |TAMS 0x0000000088b00000, 0x0000000088b00000| Untracked 
| 110|0x0000000088c00000, 0x0000000088c00000, 0x0000000088d00000|  0%| F|  |TAMS 0x0000000088c00000, 0x0000000088c00000| Untracked 
| 111|0x0000000088d00000, 0x0000000088d00000, 0x0000000088e00000|  0%| F|  |TAMS 0x0000000088d00000, 0x0000000088d00000| Untracked 
| 112|0x0000000088e00000, 0x0000000088e00000, 0x0000000088f00000|  0%| F|  |TAMS 0x0000000088e00000, 0x0000000088e00000| Untracked 
| 113|0x0000000088f00000, 0x0000000088f00000, 0x0000000089000000|  0%| F|  |TAMS 0x0000000088f00000, 0x0000000088f00000| Untracked 
| 114|0x0000000089000000, 0x0000000089000000, 0x0000000089100000|  0%| F|  |TAMS 0x0000000089000000, 0x0000000089000000| Untracked 
| 115|0x0000000089100000, 0x0000000089100000, 0x0000000089200000|  0%| F|  |TAMS 0x0000000089100000, 0x0000000089100000| Untracked 
| 116|0x0000000089200000, 0x0000000089200000, 0x0000000089300000|  0%| F|  |TAMS 0x0000000089200000, 0x0000000089200000| Untracked 
| 117|0x0000000089300000, 0x0000000089300000, 0x0000000089400000|  0%| F|  |TAMS 0x0000000089300000, 0x0000000089300000| Untracked 
| 118|0x0000000089400000, 0x0000000089400000, 0x0000000089500000|  0%| F|  |TAMS 0x0000000089400000, 0x0000000089400000| Untracked 
| 119|0x0000000089500000, 0x0000000089500000, 0x0000000089600000|  0%| F|  |TAMS 0x0000000089500000, 0x0000000089500000| Untracked 
| 120|0x0000000089600000, 0x0000000089600000, 0x0000000089700000|  0%| F|  |TAMS 0x0000000089600000, 0x0000000089600000| Untracked 
| 121|0x0000000089700000, 0x0000000089700000, 0x0000000089800000|  0%| F|  |TAMS 0x0000000089700000, 0x0000000089700000| Untracked 
| 122|0x0000000089800000, 0x0000000089800000, 0x0000000089900000|  0%| F|  |TAMS 0x0000000089800000, 0x0000000089800000| Untracked 
| 123|0x0000000089900000, 0x0000000089900000, 0x0000000089a00000|  0%| F|  |TAMS 0x0000000089900000, 0x0000000089900000| Untracked 
| 124|0x0000000089a00000, 0x0000000089a00000, 0x0000000089b00000|  0%| F|  |TAMS 0x0000000089a00000, 0x0000000089a00000| Untracked 
| 125|0x0000000089b00000, 0x0000000089b9d408, 0x0000000089c00000| 61%| E|  |TAMS 0x0000000089b00000, 0x0000000089b00000| Complete 
| 126|0x0000000089c00000, 0x0000000089d00000, 0x0000000089d00000|100%| E|CS|TAMS 0x0000000089c00000, 0x0000000089c00000| Complete 
| 127|0x0000000089d00000, 0x0000000089e00000, 0x0000000089e00000|100%| E|CS|TAMS 0x0000000089d00000, 0x0000000089d00000| Complete 

Card table byte_map: [0x0000026a461a0000,0x0000026a465a0000] _byte_map_base: 0x0000026a45d91000

Marking Bits (Prev, Next): (CMBitMap*) 0x0000026a315dbb60, (CMBitMap*) 0x0000026a315dbba0
 Prev Bits: [0x0000026a469a0000, 0x0000026a48928000)
 Next Bits: [0x0000026a48930000, 0x0000026a4a8b8000)

Polling page: 0x0000026a31400000

Metaspace:

Usage:
  Non-class:      4.27 MB capacity,     4.21 MB ( 99%) used,    56.38 KB (  1%) free+waste,   640 bytes ( <1%) overhead. 
      Class:    426.00 KB capacity,   399.05 KB ( 94%) used,    26.51 KB (  6%) free+waste,   448 bytes ( <1%) overhead. 
       Both:      4.69 MB capacity,     4.60 MB ( 98%) used,    82.89 KB (  2%) free+waste,     1.06 KB ( <1%) overhead. 

Virtual space:
  Non-class space:        8.00 MB reserved,       4.50 MB ( 56%) committed 
      Class space:        1.00 GB reserved,     512.00 KB ( <1%) committed 
             Both:        1.01 GB reserved,       5.00 MB ( <1%) committed 

Chunk freelists:
   Non-Class:  44.00 KB
       Class:  22.00 KB
        Both:  66.00 KB

MaxMetaspaceSize: 17179869184.00 GB
CompressedClassSpaceSize: 1.00 GB

CodeHeap 'non-profiled nmethods': size=120000Kb used=44Kb max_used=44Kb free=119955Kb
 bounds [0x0000026a3e250000, 0x0000026a3e4c0000, 0x0000026a45780000]
CodeHeap 'profiled nmethods': size=120000Kb used=180Kb max_used=180Kb free=119819Kb
 bounds [0x0000026a36d20000, 0x0000026a36f90000, 0x0000026a3e250000]
CodeHeap 'non-nmethods': size=5760Kb used=1066Kb max_used=1093Kb free=4693Kb
 bounds [0x0000026a36780000, 0x0000026a369f0000, 0x0000026a36d20000]
 total_blobs=456 nmethods=164 adapters=205
 compilation: enabled
              stopped_count=0, restarted_count=0
 full_count=0

Compilation events (20 events):
Event: 0.351 Thread 0x0000026a4d79c530  130       4       java.lang.CharacterDataLatin1::toLowerCase (39 bytes)
Event: 0.352 Thread 0x0000026a4d79c530 nmethod 130 0x0000026a3e257310 code [0x0000026a3e257480, 0x0000026a3e257558]
Event: 0.353 Thread 0x0000026a4d79c530  131       4       java.util.zip.ZipUtils::CENNAM (9 bytes)
Event: 0.353 Thread 0x0000026a3159b0c0  132       4       java.util.zip.ZipFile$Source::zipCoderForPos (39 bytes)
Event: 0.353 Thread 0x0000026a4d805e60  134       3       java.lang.String::isEmpty (14 bytes)
Event: 0.354 Thread 0x0000026a4d805e60 nmethod 134 0x0000026a36d46210 code [0x0000026a36d463a0, 0x0000026a36d464f8]
Event: 0.354 Thread 0x0000026a3159b0c0 nmethod 132 0x0000026a3e257610 code [0x0000026a3e2577a0, 0x0000026a3e257838]
Event: 0.354 Thread 0x0000026a3159b0c0  133       4       java.util.zip.ZipUtils::CENFLG (9 bytes)
Event: 0.354 Thread 0x0000026a4d79c530 nmethod 131 0x0000026a3e257910 code [0x0000026a3e257a80, 0x0000026a3e257b38]
Event: 0.355 Thread 0x0000026a4d79c530  135       4       java.util.zip.ZipUtils::CENEXT (9 bytes)
Event: 0.355 Thread 0x0000026a3159b0c0 nmethod 133 0x0000026a3e257c10 code [0x0000026a3e257d80, 0x0000026a3e257e38]
Event: 0.355 Thread 0x0000026a3159b0c0  136       4       java.util.zip.ZipUtils::CENSIG (8 bytes)
Event: 0.356 Thread 0x0000026a4d79c530 nmethod 135 0x0000026a3e257f10 code [0x0000026a3e258080, 0x0000026a3e258138]
Event: 0.356 Thread 0x0000026a3159b0c0 nmethod 136 0x0000026a3e258210 code [0x0000026a3e258380, 0x0000026a3e258458]
Event: 0.358 Thread 0x0000026a4d79c530  137       4       java.util.zip.ZipUtils::CENHOW (9 bytes)
Event: 0.358 Thread 0x0000026a3159b0c0  138       4       java.util.zip.ZipUtils::CENCOM (9 bytes)
Event: 0.360 Thread 0x0000026a3159b0c0 nmethod 138 0x0000026a3e258590 code [0x0000026a3e258700, 0x0000026a3e2587b8]
Event: 0.360 Thread 0x0000026a3159b0c0  139       4       java.util.zip.ZipFile$Source::isMetaName (141 bytes)
Event: 0.360 Thread 0x0000026a4d79c530 nmethod 137 0x0000026a3e258890 code [0x0000026a3e258a00, 0x0000026a3e258ab8]
Event: 0.362 Thread 0x0000026a4d79c530  140       4       java.io.WinNTFileSystem::isSlash (18 bytes)

GC Heap History (0 events):
No events

Deoptimization events (8 events):
Event: 0.243 Thread 0x0000026a3159a2a0 Uncommon trap: trap_request=0xffffff45 fr.pc=0x0000026a3e251310 relative=0x0000000000000070
Event: 0.243 Thread 0x0000026a3159a2a0 Uncommon trap: reason=unstable_if action=reinterpret pc=0x0000026a3e251310 method=java.lang.String.isLatin1()Z @ 10 c2
Event: 0.243 Thread 0x0000026a3159a2a0 DEOPT PACKING pc=0x0000026a3e251310 sp=0x000000cd0b9feda0
Event: 0.243 Thread 0x0000026a3159a2a0 DEOPT UNPACKING pc=0x0000026a367ce42f sp=0x000000cd0b9fece0 mode 2
Event: 0.244 Thread 0x0000026a3159a2a0 Uncommon trap: trap_request=0xffffff45 fr.pc=0x0000026a3e254b50 relative=0x00000000000001b0
Event: 0.244 Thread 0x0000026a3159a2a0 Uncommon trap: reason=unstable_if action=reinterpret pc=0x0000026a3e254b50 method=java.lang.String.hashCode()I @ 42 c2
Event: 0.244 Thread 0x0000026a3159a2a0 DEOPT PACKING pc=0x0000026a3e254b50 sp=0x000000cd0b9fd680
Event: 0.244 Thread 0x0000026a3159a2a0 DEOPT UNPACKING pc=0x0000026a367ce42f sp=0x000000cd0b9fd618 mode 2

Classes unloaded (0 events):
No events

Classes redefined (0 events):
No events

Internal exceptions (0 events):
No events

Events (20 events):
Event: 0.312 loading class java/util/zip/Inflater$InflaterZStreamRef done
Event: 0.312 loading class java/util/zip/ZipFile$InflaterCleanupAction
Event: 0.312 loading class java/util/zip/ZipFile$InflaterCleanupAction done
Event: 0.331 Thread 0x0000026a3159b0c0 Thread added: 0x0000026a3159b0c0
Event: 0.340 loading class java/io/BufferedReader
Event: 0.340 loading class java/io/Reader
Event: 0.341 loading class java/io/Reader done
Event: 0.342 loading class java/io/BufferedReader done
Event: 0.342 loading class java/io/InputStreamReader
Event: 0.342 loading class java/io/InputStreamReader done
Event: 0.342 loading class sun/nio/cs/StreamDecoder
Event: 0.343 loading class sun/nio/cs/StreamDecoder done
Event: 0.343 loading class java/util/Vector
Event: 0.344 loading class java/util/Vector done
Event: 0.344 loading class java/util/LinkedList
Event: 0.345 loading class java/util/AbstractSequentialList
Event: 0.345 loading class java/util/AbstractSequentialList done
Event: 0.345 loading class java/util/LinkedList done
Event: 0.345 loading class java/util/LinkedList$Node
Event: 0.345 loading class java/util/LinkedList$Node done


Dynamic libraries:
0x00007ff68af90000 - 0x00007ff68af9d000 	C:\Program Files\Eclipse\plugins\org.eclipse.justj.openjdk.hotspot.jre.full.win32.x86_64_15.0.1.v20201027-0507\jre\bin\javaw.exe
0x00007ffd4dde0000 - 0x00007ffd4dfd0000 	C:\Windows\SYSTEM32\ntdll.dll
0x00007ffd4da00000 - 0x00007ffd4dab2000 	C:\Windows\System32\KERNEL32.DLL
0x00007ffd4b7e0000 - 0x00007ffd4ba85000 	C:\Windows\System32\KERNELBASE.dll
0x00007ffd4ba90000 - 0x00007ffd4bb8a000 	C:\Windows\System32\ucrtbase.dll
0x00007ffd3fdf0000 - 0x00007ffd3fe08000 	C:\Program Files\Eclipse\plugins\org.eclipse.justj.openjdk.hotspot.jre.full.win32.x86_64_15.0.1.v20201027-0507\jre\bin\jli.dll
0x00007ffd4d0c0000 - 0x00007ffd4d254000 	C:\Windows\System32\USER32.dll
0x00007ffd4bb90000 - 0x00007ffd4bbb1000 	C:\Windows\System32\win32u.dll
0x00007ffd4c3c0000 - 0x00007ffd4c3e6000 	C:\Windows\System32\GDI32.dll
0x00007ffd4aec0000 - 0x00007ffd4b058000 	C:\Windows\System32\gdi32full.dll
0x00007ffd4bbc0000 - 0x00007ffd4bc5e000 	C:\Windows\System32\msvcp_win.dll
0x00007ffd36060000 - 0x00007ffd362e4000 	C:\Windows\WinSxS\amd64_microsoft.windows.common-controls_6595b64144ccf1df_6.0.18362.1316_none_9e7a364fe461dbd7\COMCTL32.dll
0x00007ffd4ce70000 - 0x00007ffd4cf0e000 	C:\Windows\System32\msvcrt.dll
0x00007ffd4d260000 - 0x00007ffd4d597000 	C:\Windows\System32\combase.dll
0x00007ffd4dc10000 - 0x00007ffd4dd2f000 	C:\Windows\System32\RPCRT4.dll
0x00007ffd4ae10000 - 0x00007ffd4ae91000 	C:\Windows\System32\bcryptPrimitives.dll
0x00007ffd3fdd0000 - 0x00007ffd3fde9000 	C:\Program Files\Eclipse\plugins\org.eclipse.justj.openjdk.hotspot.jre.full.win32.x86_64_15.0.1.v20201027-0507\jre\bin\VCRUNTIME140.dll
0x00007ffd4db30000 - 0x00007ffd4db5e000 	C:\Windows\System32\IMM32.DLL
0x00007ffd47560000 - 0x00007ffd4756c000 	C:\Program Files\Eclipse\plugins\org.eclipse.justj.openjdk.hotspot.jre.full.win32.x86_64_15.0.1.v20201027-0507\jre\bin\vcruntime140_1.dll
0x00007ffd2d450000 - 0x00007ffd2d4e1000 	C:\Program Files\Eclipse\plugins\org.eclipse.justj.openjdk.hotspot.jre.full.win32.x86_64_15.0.1.v20201027-0507\jre\bin\msvcp140.dll
0x00007ffd056a0000 - 0x00007ffd061fe000 	C:\Program Files\Eclipse\plugins\org.eclipse.justj.openjdk.hotspot.jre.full.win32.x86_64_15.0.1.v20201027-0507\jre\bin\server\jvm.dll
0x00007ffd4d950000 - 0x00007ffd4d9f3000 	C:\Windows\System32\ADVAPI32.dll
0x00007ffd4d8b0000 - 0x00007ffd4d947000 	C:\Windows\System32\sechost.dll
0x00007ffd4cc30000 - 0x00007ffd4cc38000 	C:\Windows\System32\PSAPI.DLL
0x00007ffd43d20000 - 0x00007ffd43d29000 	C:\Windows\SYSTEM32\WSOCK32.dll
0x00007ffd4dac0000 - 0x00007ffd4db2f000 	C:\Windows\System32\WS2_32.dll
0x00007ffd47a10000 - 0x00007ffd47a34000 	C:\Windows\SYSTEM32\WINMM.dll
0x00007ffd40b20000 - 0x00007ffd40b2a000 	C:\Windows\SYSTEM32\VERSION.dll
0x00007ffd479e0000 - 0x00007ffd47a0d000 	C:\Windows\SYSTEM32\WINMMBASE.dll
0x00007ffd4bde0000 - 0x00007ffd4be2a000 	C:\Windows\System32\cfgmgr32.dll
0x00007ffd4ad40000 - 0x00007ffd4ad51000 	C:\Windows\System32\kernel.appcore.dll
0x00007ffd3e140000 - 0x00007ffd3e14a000 	C:\Program Files\Eclipse\plugins\org.eclipse.justj.openjdk.hotspot.jre.full.win32.x86_64_15.0.1.v20201027-0507\jre\bin\jimage.dll
0x00007ffd42ea0000 - 0x00007ffd43094000 	C:\Windows\SYSTEM32\DBGHELP.DLL
0x00007ffd42e70000 - 0x00007ffd42e9a000 	C:\Windows\SYSTEM32\dbgcore.DLL
0x00007ffd18540000 - 0x00007ffd18565000 	C:\Program Files\Eclipse\plugins\org.eclipse.justj.openjdk.hotspot.jre.full.win32.x86_64_15.0.1.v20201027-0507\jre\bin\java.dll
0x00007ffd36640000 - 0x00007ffd36658000 	C:\Program Files\Eclipse\plugins\org.eclipse.justj.openjdk.hotspot.jre.full.win32.x86_64_15.0.1.v20201027-0507\jre\bin\zip.dll
0x00007ffd4c540000 - 0x00007ffd4cc28000 	C:\Windows\System32\SHELL32.dll
0x00007ffd4cc40000 - 0x00007ffd4cce7000 	C:\Windows\System32\shcore.dll
0x00007ffd4b060000 - 0x00007ffd4b7db000 	C:\Windows\System32\windows.storage.dll
0x00007ffd4aca0000 - 0x00007ffd4acc3000 	C:\Windows\System32\profapi.dll
0x00007ffd4acf0000 - 0x00007ffd4ad3a000 	C:\Windows\System32\powrprof.dll
0x00007ffd4ac90000 - 0x00007ffd4aca0000 	C:\Windows\System32\UMPDC.dll
0x00007ffd4c300000 - 0x00007ffd4c352000 	C:\Windows\System32\shlwapi.dll
0x00007ffd4aea0000 - 0x00007ffd4aeb7000 	C:\Windows\System32\cryptsp.dll
0x00007ffd35a60000 - 0x00007ffd35a79000 	C:\Program Files\Eclipse\plugins\org.eclipse.justj.openjdk.hotspot.jre.full.win32.x86_64_15.0.1.v20201027-0507\jre\bin\net.dll
0x00007ffd434c0000 - 0x00007ffd435b0000 	C:\Windows\SYSTEM32\WINHTTP.dll
0x00007ffd4a420000 - 0x00007ffd4a487000 	C:\Windows\system32\mswsock.dll
0x00007ffd34690000 - 0x00007ffd346a2000 	C:\Program Files\Eclipse\plugins\org.eclipse.justj.openjdk.hotspot.jre.full.win32.x86_64_15.0.1.v20201027-0507\jre\bin\nio.dll

dbghelp: loaded successfully - version: 4.0.5 - missing functions: none
symbol engine: initialized successfully - sym options: 0x614 - pdb path: .;C:\Program Files\Eclipse\plugins\org.eclipse.justj.openjdk.hotspot.jre.full.win32.x86_64_15.0.1.v20201027-0507\jre\bin;C:\Windows\SYSTEM32;C:\Windows\WinSxS\amd64_microsoft.windows.common-controls_6595b64144ccf1df_6.0.18362.1316_none_9e7a364fe461dbd7;C:\Program Files\Eclipse\plugins\org.eclipse.justj.openjdk.hotspot.jre.full.win32.x86_64_15.0.1.v20201027-0507\jre\bin\server

VM Arguments:
jvm_args: -Dfile.encoding=UTF-8 -XX:+ShowCodeDetailsInExceptionMessages 
java_command: br.com.erudio.Startup
java_class_path (initial): D:\Code\UdemySpringBoot\RestWithSpringBootUdemy\02 RestWithSptingBopotUdemy Scaffold Calculator\target\classes;C:\Users\angel\.m2\repository\org\springframework\boot\spring-boot-starter-data-rest\2.1.3.RELEASE\spring-boot-starter-data-rest-2.1.3.RELEASE.jar;C:\Users\angel\.m2\repository\org\springframework\boot\spring-boot-starter-web\2.1.3.RELEASE\spring-boot-starter-web-2.1.3.RELEASE.jar;C:\Users\angel\.m2\repository\org\springframework\boot\spring-boot-starter-json\2.1.3.RELEASE\spring-boot-starter-json-2.1.3.RELEASE.jar;C:\Users\angel\.m2\repository\com\fasterxml\jackson\datatype\jackson-datatype-jdk8\2.9.8\jackson-datatype-jdk8-2.9.8.jar;C:\Users\angel\.m2\repository\com\fasterxml\jackson\datatype\jackson-datatype-jsr310\2.9.8\jackson-datatype-jsr310-2.9.8.jar;C:\Users\angel\.m2\repository\com\fasterxml\jackson\module\jackson-module-parameter-names\2.9.8\jackson-module-parameter-names-2.9.8.jar;C:\Users\angel\.m2\repository\org\springframework\boot\spring-boot-starter-tomcat\2.1.3.RELEASE\spring-boot-starter-tomcat-2.1.3.RELEASE.jar;C:\Users\angel\.m2\repository\org\apache\tomcat\embed\tomcat-embed-core\9.0.16\tomcat-embed-core-9.0.16.jar;C:\Users\angel\.m2\repository\org\apache\tomcat\embed\tomcat-embed-el\9.0.16\tomcat-embed-el-9.0.16.jar;C:\Users\angel\.m2\repository\org\apache\tomcat\embed\tomcat-embed-websocket\9.0.16\tomcat-embed-websocket-9.0.16.jar;C:\Users\angel\.m2\repository\org\hibernate\validator\hibernate-validator\6.0.14.Final\hibernate-validator-6.0.14.Final.jar;C:\Users\angel\.m2\repository\javax\validation\validation-api\2.0.1.Final\validation-api-2.0.1.Final.jar;C:\Users\angel\.m2\repository\org\jboss\logging\jboss-logging\3.3.2.Final\jboss-logging-3.3.2.Final.jar;C:\Users\angel\.m2\repository\com\fasterxml\classmate\1.4.0\classmate-1.4.0.jar;C:\Users\angel\.m2\repository\org\springframework\spring-web\5.1.5.RELEASE\spring-web-5.1.5.RELEASE.jar;C:\Users\angel\.m2\repository\org\springframework\spring-beans\5.1.5.R
Launcher Type: SUN_STANDARD

[Global flags]
     intx CICompilerCount                          = 3                                         {product} {ergonomic}
     uint ConcGCThreads                            = 1                                         {product} {ergonomic}
     uint G1ConcRefinementThreads                  = 4                                         {product} {ergonomic}
   size_t G1HeapRegionSize                         = 1048576                                   {product} {ergonomic}
    uintx GCDrainStackTargetSize                   = 64                                        {product} {ergonomic}
   size_t InitialHeapSize                          = 134217728                                 {product} {ergonomic}
   size_t MarkStackSize                            = 4194304                                   {product} {ergonomic}
   size_t MaxHeapSize                              = 2116026368                                {product} {ergonomic}
   size_t MaxNewSize                               = 1268776960                                {product} {ergonomic}
   size_t MinHeapDeltaBytes                        = 1048576                                   {product} {ergonomic}
   size_t MinHeapSize                              = 8388608                                   {product} {ergonomic}
    uintx NonNMethodCodeHeapSize                   = 5832780                                {pd product} {ergonomic}
    uintx NonProfiledCodeHeapSize                  = 122912730                              {pd product} {ergonomic}
    uintx ProfiledCodeHeapSize                     = 122912730                              {pd product} {ergonomic}
    uintx ReservedCodeCacheSize                    = 251658240                              {pd product} {ergonomic}
     bool SegmentedCodeCache                       = true                                      {product} {ergonomic}
     bool ShowCodeDetailsInExceptionMessages       = true                                   {manageable} {command line}
   size_t SoftMaxHeapSize                          = 2116026368                             {manageable} {ergonomic}
     bool UseCompressedClassPointers               = true                                 {lp64_product} {ergonomic}
     bool UseCompressedOops                        = true                                 {lp64_product} {ergonomic}
     bool UseG1GC                                  = true                                      {product} {ergonomic}
     bool UseLargePagesIndividualAllocation        = false                                  {pd product} {ergonomic}

Logging:
Log output configuration:
 #0: stdout all=warning uptime,level,tags
 #1: stderr all=off uptime,level,tags

Environment Variables:
JAVA_HOME=C:\Program Files\Java\jdk-14.0.1
PATH=C:/Program Files/Eclipse//plugins/org.eclipse.justj.openjdk.hotspot.jre.full.win32.x86_64_15.0.1.v20201027-0507/jre/bin/server;C:/Program Files/Eclipse//plugins/org.eclipse.justj.openjdk.hotspot.jre.full.win32.x86_64_15.0.1.v20201027-0507/jre/bin;C:\Program Files\Common Files\Oracle\Java\javapath;C:\Program Files (x86)\Common Files\Oracle\Java\javapath;C:\Windows\system32;C:\Windows;C:\Windows\System32\Wbem;C:\Windows\System32\WindowsPowerShell\v1.0\;C:\Windows\System32\OpenSSH\;C:\Program Files\nodejs\;C:\Program Files\Java\jdk-11.0.9\bin;C:\Program Files\Maven\apache-maven-3.6.3\bin;C:\Program Files\Git\cmd;C:\Program Files\Git\mingw64\bin;C:\Program Files\Git\usr\bin;C:\Program Files\Docker\Docker\resources\bin;C:\ProgramData\DockerDesktop\version-bin;C:\Program Files\Java\jdk1.8.0_251\bin;C:\Users\angel\AppData\Roaming\npm;C:\Users\angel\AppData\Local\Android\Sdk\platform-tools;;C:\Program Files\Eclipse;
USERNAME=angel
OS=Windows_NT
PROCESSOR_IDENTIFIER=Intel64 Family 6 Model 58 Stepping 9, GenuineIntel



---------------  S Y S T E M  ---------------

OS:
 Windows 10 , 64 bit Build 18362 (10.0.18362.1316)
OS uptime: 6 days 19:41 hours
HyperV virtualization detected

CPU: total 4 (initial active 4) (2 cores per cpu, 2 threads per core) family 6 model 58 stepping 9 microcode 0x21, cmov, cx8, fxsr, mmx, sse, sse2, sse3, ssse3, sse4.1, sse4.2, popcnt, vzeroupper, avx, clmul, erms, ht, tsc, tscinvbit, tscinv, clflush

Memory: 4k page, system-wide physical 8068M (1000M free)
TotalPageFile size 8068M (AvailPageFile size 3M)
current process WorkingSet (physical memory assigned to process): 33M, peak: 33M
current process commit charge ("private bytes"): 197M, peak: 197M

vm_info: OpenJDK 64-Bit Server VM (15.0.1+9-18) for windows-amd64 JRE (15.0.1+9-18), built on Sep 15 2020 14:39:31 by "mach5one" with unknown MS VC++:1925

END.
