#
# There is insufficient memory for the Java Runtime Environment to continue.
# Native memory allocation (malloc) failed to allocate 35776 bytes for Chunk::new
# Possible reasons:
#   The system is out of physical RAM or swap space
#   The process is running with CompressedOops enabled, and the Java Heap may be blocking the growth of the native heap
# Possible solutions:
#   Reduce memory load on the system
#   Increase physical memory or swap space
#   Check if swap backing store is full
#   Decrease Java heap size (-Xmx/-Xms)
#   Decrease number of Java threads
#   Decrease Java thread stack sizes (-Xss)
#   Set larger code cache with -XX:ReservedCodeCacheSize=
#   JVM is running with Unscaled Compressed Oops mode in which the Java heap is
#     placed in the first 4GB address space. The Java Heap base address is the
#     maximum limit for the native heap growth. Please use -XX:HeapBaseMinAddress
#     to set the Java Heap base and to place the Java Heap above 4GB virtual address.
# This output file may be truncated or incomplete.
#
#  Out of Memory Error (./open/src/hotspot/share/memory/arena.cpp:195), pid=8424, tid=9676
#
# JRE version: OpenJDK Runtime Environment (15.0.1+9) (build 15.0.1+9-18)
# Java VM: OpenJDK 64-Bit Server VM (15.0.1+9-18, mixed mode, tiered, compressed oops, g1 gc, windows-amd64)
# No core dump will be written. Minidumps are not enabled by default on client versions of Windows
#

---------------  S U M M A R Y ------------

Command Line: -Dfile.encoding=UTF-8 -XX:+ShowCodeDetailsInExceptionMessages br.com.erudio.Startup

Host: Intel(R) Core(TM) i5-3230M CPU @ 2.60GHz, 4 cores, 7G,  Windows 10 , 64 bit Build 18362 (10.0.18362.1316)
Time: Tue Jan 26 20:34:30 2021 Hora oficial do Brasil elapsed time: 0.428268 seconds (0d 0h 0m 0s)

---------------  T H R E A D  ---------------

Current thread (0x0000017cfdc1a210):  JavaThread "C2 CompilerThread0" daemon [_thread_in_native, id=9676, stack(0x00000004f3d00000,0x00000004f3e00000)]


Current CompileTask:
C2:    428  152       4       java.util.zip.ZipFile$Source::isMetaName (141 bytes)

Stack: [0x00000004f3d00000,0x00000004f3e00000]
Native frames: (J=compiled Java code, j=interpreted, Vv=VM code, C=native code)
V  [jvm.dll+0x62ae9a]
V  [jvm.dll+0x781389]
V  [jvm.dll+0x782ae3]
V  [jvm.dll+0x783143]
V  [jvm.dll+0x216265]
V  [jvm.dll+0x97efa]
V  [jvm.dll+0x985dc]
V  [jvm.dll+0x27a1bf]
V  [jvm.dll+0x5408d4]
V  [jvm.dll+0x1f3064]
V  [jvm.dll+0x1eca31]
V  [jvm.dll+0x1e97a7]
V  [jvm.dll+0x1784c7]
V  [jvm.dll+0x1f9165]
V  [jvm.dll+0x1f720c]
V  [jvm.dll+0x74485d]
V  [jvm.dll+0x73d65a]
V  [jvm.dll+0x629c56]
C  [ucrtbase.dll+0x210b2]
C  [KERNEL32.DLL+0x17c24]
C  [ntdll.dll+0x6d4d1]


---------------  P R O C E S S  ---------------

Threads class SMR info:
_java_thread_list=0x0000017cfdd90130, length=11, elements={
0x0000017cfd3aa010, 0x0000017cfd3aaac0, 0x0000017cfdc16000, 0x0000017cfdc188d0,
0x0000017cfdc19380, 0x0000017cfdc1a210, 0x0000017cfdbdfd70, 0x0000017cfdc7f5f0,
0x0000017cfdd79b10, 0x0000017cfdd9fcc0, 0x0000017ce396a210
}

Java Threads: ( => current thread )
  0x0000017cfd3aa010 JavaThread "Reference Handler" daemon [_thread_blocked, id=9872, stack(0x00000004f3800000,0x00000004f3900000)]
  0x0000017cfd3aaac0 JavaThread "Finalizer" daemon [_thread_blocked, id=7428, stack(0x00000004f3900000,0x00000004f3a00000)]
  0x0000017cfdc16000 JavaThread "Signal Dispatcher" daemon [_thread_blocked, id=7332, stack(0x00000004f3a00000,0x00000004f3b00000)]
  0x0000017cfdc188d0 JavaThread "Attach Listener" daemon [_thread_blocked, id=3496, stack(0x00000004f3b00000,0x00000004f3c00000)]
  0x0000017cfdc19380 JavaThread "Service Thread" daemon [_thread_blocked, id=3060, stack(0x00000004f3c00000,0x00000004f3d00000)]
=>0x0000017cfdc1a210 JavaThread "C2 CompilerThread0" daemon [_thread_in_native, id=9676, stack(0x00000004f3d00000,0x00000004f3e00000)]
  0x0000017cfdbdfd70 JavaThread "C1 CompilerThread0" daemon [_thread_blocked, id=9076, stack(0x00000004f3e00000,0x00000004f3f00000)]
  0x0000017cfdc7f5f0 JavaThread "Sweeper thread" daemon [_thread_blocked, id=5660, stack(0x00000004f3f00000,0x00000004f4000000)]
  0x0000017cfdd79b10 JavaThread "Notification Thread" daemon [_thread_blocked, id=11252, stack(0x00000004f4000000,0x00000004f4100000)]
  0x0000017cfdd9fcc0 JavaThread "Common-Cleaner" daemon [_thread_blocked, id=1072, stack(0x00000004f4200000,0x00000004f4300000)]
  0x0000017ce396a210 JavaThread "DestroyJavaVM" [_thread_blocked, id=3932, stack(0x00000004f3100000,0x00000004f3200000)]

Other Threads:
  0x0000017cfdbcd550 VMThread "VM Thread" [stack: 0x00000004f3700000,0x00000004f3800000] [id=8712]
  0x0000017cfdd7bff0 WatcherThread [stack: 0x00000004f4100000,0x00000004f4200000] [id=7356]
  0x0000017ce39abf10 GCTaskThread "GC Thread#0" [stack: 0x00000004f3200000,0x00000004f3300000] [id=7376]
  0x0000017ce39bd440 ConcurrentGCThread "G1 Main Marker" [stack: 0x00000004f3300000,0x00000004f3400000] [id=5840]
  0x0000017ce39bf040 ConcurrentGCThread "G1 Conc#0" [stack: 0x00000004f3400000,0x00000004f3500000] [id=8488]
  0x0000017ce3a27fa0 ConcurrentGCThread "G1 Refine#0" [stack: 0x00000004f3500000,0x00000004f3600000] [id=10300]
  0x0000017ce3a28ba0 ConcurrentGCThread "G1 Young RemSet Sampling" [stack: 0x00000004f3600000,0x00000004f3700000] [id=5844]

Threads with active compile tasks:
C2 CompilerThread0      459  152       4       java.util.zip.ZipFile$Source::isMetaName (141 bytes)

VM state: not at safepoint (normal execution)

VM Mutex/Monitor currently owned by a thread: None

OutOfMemory and StackOverflow Exception counts:
OutOfMemoryError java_heap_errors=1

Heap address: 0x0000000081e00000, size: 2018 MB, Compressed Oops mode: 32-bit
CDS disabled.
Compressed class space mapped at: 0x0000000100000000-0x0000000140000000, size: 1073741824
Narrow klass base: 0x0000000000000000, Narrow klass shift: 3, Narrow klass range: 0x140000000

GC Precious Log:
 CPUs: 4 total, 4 available
 Memory: 8068M
 Large Page Support: Disabled
 NUMA Support: Disabled
 Compressed Oops: Enabled (32-bit)
 Heap Region Size: 1M
 Heap Min Capacity: 8M
 Heap Initial Capacity: 128M
 Heap Max Capacity: 2018M
 Pre-touch: Disabled
 Parallel Workers: 4
 Concurrent Workers: 1
 Concurrent Refinement Workers: 4
 Periodic GC: Disabled

Heap:
 garbage-first heap   total 131072K, used 2048K [0x0000000081e00000, 0x0000000100000000)
  region size 1024K, 3 young (3072K), 0 survivors (0K)
 Metaspace       used 4708K, capacity 4798K, committed 5120K, reserved 1058816K
  class space    used 402K, capacity 426K, committed 512K, reserved 1048576K

Heap Regions: E=young(eden), S=young(survivor), O=old, HS=humongous(starts), HC=humongous(continues), CS=collection set, F=free, OA=open archive, CA=closed archive, TAMS=top-at-mark-start (previous, next)
|   0|0x0000000081e00000, 0x0000000081e00000, 0x0000000081f00000|  0%| F|  |TAMS 0x0000000081e00000, 0x0000000081e00000| Untracked 
|   1|0x0000000081f00000, 0x0000000081f00000, 0x0000000082000000|  0%| F|  |TAMS 0x0000000081f00000, 0x0000000081f00000| Untracked 
|   2|0x0000000082000000, 0x0000000082000000, 0x0000000082100000|  0%| F|  |TAMS 0x0000000082000000, 0x0000000082000000| Untracked 
|   3|0x0000000082100000, 0x0000000082100000, 0x0000000082200000|  0%| F|  |TAMS 0x0000000082100000, 0x0000000082100000| Untracked 
|   4|0x0000000082200000, 0x0000000082200000, 0x0000000082300000|  0%| F|  |TAMS 0x0000000082200000, 0x0000000082200000| Untracked 
|   5|0x0000000082300000, 0x0000000082300000, 0x0000000082400000|  0%| F|  |TAMS 0x0000000082300000, 0x0000000082300000| Untracked 
|   6|0x0000000082400000, 0x0000000082400000, 0x0000000082500000|  0%| F|  |TAMS 0x0000000082400000, 0x0000000082400000| Untracked 
|   7|0x0000000082500000, 0x0000000082500000, 0x0000000082600000|  0%| F|  |TAMS 0x0000000082500000, 0x0000000082500000| Untracked 
|   8|0x0000000082600000, 0x0000000082600000, 0x0000000082700000|  0%| F|  |TAMS 0x0000000082600000, 0x0000000082600000| Untracked 
|   9|0x0000000082700000, 0x0000000082700000, 0x0000000082800000|  0%| F|  |TAMS 0x0000000082700000, 0x0000000082700000| Untracked 
|  10|0x0000000082800000, 0x0000000082800000, 0x0000000082900000|  0%| F|  |TAMS 0x0000000082800000, 0x0000000082800000| Untracked 
|  11|0x0000000082900000, 0x0000000082900000, 0x0000000082a00000|  0%| F|  |TAMS 0x0000000082900000, 0x0000000082900000| Untracked 
|  12|0x0000000082a00000, 0x0000000082a00000, 0x0000000082b00000|  0%| F|  |TAMS 0x0000000082a00000, 0x0000000082a00000| Untracked 
|  13|0x0000000082b00000, 0x0000000082b00000, 0x0000000082c00000|  0%| F|  |TAMS 0x0000000082b00000, 0x0000000082b00000| Untracked 
|  14|0x0000000082c00000, 0x0000000082c00000, 0x0000000082d00000|  0%| F|  |TAMS 0x0000000082c00000, 0x0000000082c00000| Untracked 
|  15|0x0000000082d00000, 0x0000000082d00000, 0x0000000082e00000|  0%| F|  |TAMS 0x0000000082d00000, 0x0000000082d00000| Untracked 
|  16|0x0000000082e00000, 0x0000000082e00000, 0x0000000082f00000|  0%| F|  |TAMS 0x0000000082e00000, 0x0000000082e00000| Untracked 
|  17|0x0000000082f00000, 0x0000000082f00000, 0x0000000083000000|  0%| F|  |TAMS 0x0000000082f00000, 0x0000000082f00000| Untracked 
|  18|0x0000000083000000, 0x0000000083000000, 0x0000000083100000|  0%| F|  |TAMS 0x0000000083000000, 0x0000000083000000| Untracked 
|  19|0x0000000083100000, 0x0000000083100000, 0x0000000083200000|  0%| F|  |TAMS 0x0000000083100000, 0x0000000083100000| Untracked 
|  20|0x0000000083200000, 0x0000000083200000, 0x0000000083300000|  0%| F|  |TAMS 0x0000000083200000, 0x0000000083200000| Untracked 
|  21|0x0000000083300000, 0x0000000083300000, 0x0000000083400000|  0%| F|  |TAMS 0x0000000083300000, 0x0000000083300000| Untracked 
|  22|0x0000000083400000, 0x0000000083400000, 0x0000000083500000|  0%| F|  |TAMS 0x0000000083400000, 0x0000000083400000| Untracked 
|  23|0x0000000083500000, 0x0000000083500000, 0x0000000083600000|  0%| F|  |TAMS 0x0000000083500000, 0x0000000083500000| Untracked 
|  24|0x0000000083600000, 0x0000000083600000, 0x0000000083700000|  0%| F|  |TAMS 0x0000000083600000, 0x0000000083600000| Untracked 
|  25|0x0000000083700000, 0x0000000083700000, 0x0000000083800000|  0%| F|  |TAMS 0x0000000083700000, 0x0000000083700000| Untracked 
|  26|0x0000000083800000, 0x0000000083800000, 0x0000000083900000|  0%| F|  |TAMS 0x0000000083800000, 0x0000000083800000| Untracked 
|  27|0x0000000083900000, 0x0000000083900000, 0x0000000083a00000|  0%| F|  |TAMS 0x0000000083900000, 0x0000000083900000| Untracked 
|  28|0x0000000083a00000, 0x0000000083a00000, 0x0000000083b00000|  0%| F|  |TAMS 0x0000000083a00000, 0x0000000083a00000| Untracked 
|  29|0x0000000083b00000, 0x0000000083b00000, 0x0000000083c00000|  0%| F|  |TAMS 0x0000000083b00000, 0x0000000083b00000| Untracked 
|  30|0x0000000083c00000, 0x0000000083c00000, 0x0000000083d00000|  0%| F|  |TAMS 0x0000000083c00000, 0x0000000083c00000| Untracked 
|  31|0x0000000083d00000, 0x0000000083d00000, 0x0000000083e00000|  0%| F|  |TAMS 0x0000000083d00000, 0x0000000083d00000| Untracked 
|  32|0x0000000083e00000, 0x0000000083e00000, 0x0000000083f00000|  0%| F|  |TAMS 0x0000000083e00000, 0x0000000083e00000| Untracked 
|  33|0x0000000083f00000, 0x0000000083f00000, 0x0000000084000000|  0%| F|  |TAMS 0x0000000083f00000, 0x0000000083f00000| Untracked 
|  34|0x0000000084000000, 0x0000000084000000, 0x0000000084100000|  0%| F|  |TAMS 0x0000000084000000, 0x0000000084000000| Untracked 
|  35|0x0000000084100000, 0x0000000084100000, 0x0000000084200000|  0%| F|  |TAMS 0x0000000084100000, 0x0000000084100000| Untracked 
|  36|0x0000000084200000, 0x0000000084200000, 0x0000000084300000|  0%| F|  |TAMS 0x0000000084200000, 0x0000000084200000| Untracked 
|  37|0x0000000084300000, 0x0000000084300000, 0x0000000084400000|  0%| F|  |TAMS 0x0000000084300000, 0x0000000084300000| Untracked 
|  38|0x0000000084400000, 0x0000000084400000, 0x0000000084500000|  0%| F|  |TAMS 0x0000000084400000, 0x0000000084400000| Untracked 
|  39|0x0000000084500000, 0x0000000084500000, 0x0000000084600000|  0%| F|  |TAMS 0x0000000084500000, 0x0000000084500000| Untracked 
|  40|0x0000000084600000, 0x0000000084600000, 0x0000000084700000|  0%| F|  |TAMS 0x0000000084600000, 0x0000000084600000| Untracked 
|  41|0x0000000084700000, 0x0000000084700000, 0x0000000084800000|  0%| F|  |TAMS 0x0000000084700000, 0x0000000084700000| Untracked 
|  42|0x0000000084800000, 0x0000000084800000, 0x0000000084900000|  0%| F|  |TAMS 0x0000000084800000, 0x0000000084800000| Untracked 
|  43|0x0000000084900000, 0x0000000084900000, 0x0000000084a00000|  0%| F|  |TAMS 0x0000000084900000, 0x0000000084900000| Untracked 
|  44|0x0000000084a00000, 0x0000000084a00000, 0x0000000084b00000|  0%| F|  |TAMS 0x0000000084a00000, 0x0000000084a00000| Untracked 
|  45|0x0000000084b00000, 0x0000000084b00000, 0x0000000084c00000|  0%| F|  |TAMS 0x0000000084b00000, 0x0000000084b00000| Untracked 
|  46|0x0000000084c00000, 0x0000000084c00000, 0x0000000084d00000|  0%| F|  |TAMS 0x0000000084c00000, 0x0000000084c00000| Untracked 
|  47|0x0000000084d00000, 0x0000000084d00000, 0x0000000084e00000|  0%| F|  |TAMS 0x0000000084d00000, 0x0000000084d00000| Untracked 
|  48|0x0000000084e00000, 0x0000000084e00000, 0x0000000084f00000|  0%| F|  |TAMS 0x0000000084e00000, 0x0000000084e00000| Untracked 
|  49|0x0000000084f00000, 0x0000000084f00000, 0x0000000085000000|  0%| F|  |TAMS 0x0000000084f00000, 0x0000000084f00000| Untracked 
|  50|0x0000000085000000, 0x0000000085000000, 0x0000000085100000|  0%| F|  |TAMS 0x0000000085000000, 0x0000000085000000| Untracked 
|  51|0x0000000085100000, 0x0000000085100000, 0x0000000085200000|  0%| F|  |TAMS 0x0000000085100000, 0x0000000085100000| Untracked 
|  52|0x0000000085200000, 0x0000000085200000, 0x0000000085300000|  0%| F|  |TAMS 0x0000000085200000, 0x0000000085200000| Untracked 
|  53|0x0000000085300000, 0x0000000085300000, 0x0000000085400000|  0%| F|  |TAMS 0x0000000085300000, 0x0000000085300000| Untracked 
|  54|0x0000000085400000, 0x0000000085400000, 0x0000000085500000|  0%| F|  |TAMS 0x0000000085400000, 0x0000000085400000| Untracked 
|  55|0x0000000085500000, 0x0000000085500000, 0x0000000085600000|  0%| F|  |TAMS 0x0000000085500000, 0x0000000085500000| Untracked 
|  56|0x0000000085600000, 0x0000000085600000, 0x0000000085700000|  0%| F|  |TAMS 0x0000000085600000, 0x0000000085600000| Untracked 
|  57|0x0000000085700000, 0x0000000085700000, 0x0000000085800000|  0%| F|  |TAMS 0x0000000085700000, 0x0000000085700000| Untracked 
|  58|0x0000000085800000, 0x0000000085800000, 0x0000000085900000|  0%| F|  |TAMS 0x0000000085800000, 0x0000000085800000| Untracked 
|  59|0x0000000085900000, 0x0000000085900000, 0x0000000085a00000|  0%| F|  |TAMS 0x0000000085900000, 0x0000000085900000| Untracked 
|  60|0x0000000085a00000, 0x0000000085a00000, 0x0000000085b00000|  0%| F|  |TAMS 0x0000000085a00000, 0x0000000085a00000| Untracked 
|  61|0x0000000085b00000, 0x0000000085b00000, 0x0000000085c00000|  0%| F|  |TAMS 0x0000000085b00000, 0x0000000085b00000| Untracked 
|  62|0x0000000085c00000, 0x0000000085c00000, 0x0000000085d00000|  0%| F|  |TAMS 0x0000000085c00000, 0x0000000085c00000| Untracked 
|  63|0x0000000085d00000, 0x0000000085d00000, 0x0000000085e00000|  0%| F|  |TAMS 0x0000000085d00000, 0x0000000085d00000| Untracked 
|  64|0x0000000085e00000, 0x0000000085e00000, 0x0000000085f00000|  0%| F|  |TAMS 0x0000000085e00000, 0x0000000085e00000| Untracked 
|  65|0x0000000085f00000, 0x0000000085f00000, 0x0000000086000000|  0%| F|  |TAMS 0x0000000085f00000, 0x0000000085f00000| Untracked 
|  66|0x0000000086000000, 0x0000000086000000, 0x0000000086100000|  0%| F|  |TAMS 0x0000000086000000, 0x0000000086000000| Untracked 
|  67|0x0000000086100000, 0x0000000086100000, 0x0000000086200000|  0%| F|  |TAMS 0x0000000086100000, 0x0000000086100000| Untracked 
|  68|0x0000000086200000, 0x0000000086200000, 0x0000000086300000|  0%| F|  |TAMS 0x0000000086200000, 0x0000000086200000| Untracked 
|  69|0x0000000086300000, 0x0000000086300000, 0x0000000086400000|  0%| F|  |TAMS 0x0000000086300000, 0x0000000086300000| Untracked 
|  70|0x0000000086400000, 0x0000000086400000, 0x0000000086500000|  0%| F|  |TAMS 0x0000000086400000, 0x0000000086400000| Untracked 
|  71|0x0000000086500000, 0x0000000086500000, 0x0000000086600000|  0%| F|  |TAMS 0x0000000086500000, 0x0000000086500000| Untracked 
|  72|0x0000000086600000, 0x0000000086600000, 0x0000000086700000|  0%| F|  |TAMS 0x0000000086600000, 0x0000000086600000| Untracked 
|  73|0x0000000086700000, 0x0000000086700000, 0x0000000086800000|  0%| F|  |TAMS 0x0000000086700000, 0x0000000086700000| Untracked 
|  74|0x0000000086800000, 0x0000000086800000, 0x0000000086900000|  0%| F|  |TAMS 0x0000000086800000, 0x0000000086800000| Untracked 
|  75|0x0000000086900000, 0x0000000086900000, 0x0000000086a00000|  0%| F|  |TAMS 0x0000000086900000, 0x0000000086900000| Untracked 
|  76|0x0000000086a00000, 0x0000000086a00000, 0x0000000086b00000|  0%| F|  |TAMS 0x0000000086a00000, 0x0000000086a00000| Untracked 
|  77|0x0000000086b00000, 0x0000000086b00000, 0x0000000086c00000|  0%| F|  |TAMS 0x0000000086b00000, 0x0000000086b00000| Untracked 
|  78|0x0000000086c00000, 0x0000000086c00000, 0x0000000086d00000|  0%| F|  |TAMS 0x0000000086c00000, 0x0000000086c00000| Untracked 
|  79|0x0000000086d00000, 0x0000000086d00000, 0x0000000086e00000|  0%| F|  |TAMS 0x0000000086d00000, 0x0000000086d00000| Untracked 
|  80|0x0000000086e00000, 0x0000000086e00000, 0x0000000086f00000|  0%| F|  |TAMS 0x0000000086e00000, 0x0000000086e00000| Untracked 
|  81|0x0000000086f00000, 0x0000000086f00000, 0x0000000087000000|  0%| F|  |TAMS 0x0000000086f00000, 0x0000000086f00000| Untracked 
|  82|0x0000000087000000, 0x0000000087000000, 0x0000000087100000|  0%| F|  |TAMS 0x0000000087000000, 0x0000000087000000| Untracked 
|  83|0x0000000087100000, 0x0000000087100000, 0x0000000087200000|  0%| F|  |TAMS 0x0000000087100000, 0x0000000087100000| Untracked 
|  84|0x0000000087200000, 0x0000000087200000, 0x0000000087300000|  0%| F|  |TAMS 0x0000000087200000, 0x0000000087200000| Untracked 
|  85|0x0000000087300000, 0x0000000087300000, 0x0000000087400000|  0%| F|  |TAMS 0x0000000087300000, 0x0000000087300000| Untracked 
|  86|0x0000000087400000, 0x0000000087400000, 0x0000000087500000|  0%| F|  |TAMS 0x0000000087400000, 0x0000000087400000| Untracked 
|  87|0x0000000087500000, 0x0000000087500000, 0x0000000087600000|  0%| F|  |TAMS 0x0000000087500000, 0x0000000087500000| Untracked 
|  88|0x0000000087600000, 0x0000000087600000, 0x0000000087700000|  0%| F|  |TAMS 0x0000000087600000, 0x0000000087600000| Untracked 
|  89|0x0000000087700000, 0x0000000087700000, 0x0000000087800000|  0%| F|  |TAMS 0x0000000087700000, 0x0000000087700000| Untracked 
|  90|0x0000000087800000, 0x0000000087800000, 0x0000000087900000|  0%| F|  |TAMS 0x0000000087800000, 0x0000000087800000| Untracked 
|  91|0x0000000087900000, 0x0000000087900000, 0x0000000087a00000|  0%| F|  |TAMS 0x0000000087900000, 0x0000000087900000| Untracked 
|  92|0x0000000087a00000, 0x0000000087a00000, 0x0000000087b00000|  0%| F|  |TAMS 0x0000000087a00000, 0x0000000087a00000| Untracked 
|  93|0x0000000087b00000, 0x0000000087b00000, 0x0000000087c00000|  0%| F|  |TAMS 0x0000000087b00000, 0x0000000087b00000| Untracked 
|  94|0x0000000087c00000, 0x0000000087c00000, 0x0000000087d00000|  0%| F|  |TAMS 0x0000000087c00000, 0x0000000087c00000| Untracked 
|  95|0x0000000087d00000, 0x0000000087d00000, 0x0000000087e00000|  0%| F|  |TAMS 0x0000000087d00000, 0x0000000087d00000| Untracked 
|  96|0x0000000087e00000, 0x0000000087e00000, 0x0000000087f00000|  0%| F|  |TAMS 0x0000000087e00000, 0x0000000087e00000| Untracked 
|  97|0x0000000087f00000, 0x0000000087f00000, 0x0000000088000000|  0%| F|  |TAMS 0x0000000087f00000, 0x0000000087f00000| Untracked 
|  98|0x0000000088000000, 0x0000000088000000, 0x0000000088100000|  0%| F|  |TAMS 0x0000000088000000, 0x0000000088000000| Untracked 
|  99|0x0000000088100000, 0x0000000088100000, 0x0000000088200000|  0%| F|  |TAMS 0x0000000088100000, 0x0000000088100000| Untracked 
| 100|0x0000000088200000, 0x0000000088200000, 0x0000000088300000|  0%| F|  |TAMS 0x0000000088200000, 0x0000000088200000| Untracked 
| 101|0x0000000088300000, 0x0000000088300000, 0x0000000088400000|  0%| F|  |TAMS 0x0000000088300000, 0x0000000088300000| Untracked 
| 102|0x0000000088400000, 0x0000000088400000, 0x0000000088500000|  0%| F|  |TAMS 0x0000000088400000, 0x0000000088400000| Untracked 
| 103|0x0000000088500000, 0x0000000088500000, 0x0000000088600000|  0%| F|  |TAMS 0x0000000088500000, 0x0000000088500000| Untracked 
| 104|0x0000000088600000, 0x0000000088600000, 0x0000000088700000|  0%| F|  |TAMS 0x0000000088600000, 0x0000000088600000| Untracked 
| 105|0x0000000088700000, 0x0000000088700000, 0x0000000088800000|  0%| F|  |TAMS 0x0000000088700000, 0x0000000088700000| Untracked 
| 106|0x0000000088800000, 0x0000000088800000, 0x0000000088900000|  0%| F|  |TAMS 0x0000000088800000, 0x0000000088800000| Untracked 
| 107|0x0000000088900000, 0x0000000088900000, 0x0000000088a00000|  0%| F|  |TAMS 0x0000000088900000, 0x0000000088900000| Untracked 
| 108|0x0000000088a00000, 0x0000000088a00000, 0x0000000088b00000|  0%| F|  |TAMS 0x0000000088a00000, 0x0000000088a00000| Untracked 
| 109|0x0000000088b00000, 0x0000000088b00000, 0x0000000088c00000|  0%| F|  |TAMS 0x0000000088b00000, 0x0000000088b00000| Untracked 
| 110|0x0000000088c00000, 0x0000000088c00000, 0x0000000088d00000|  0%| F|  |TAMS 0x0000000088c00000, 0x0000000088c00000| Untracked 
| 111|0x0000000088d00000, 0x0000000088d00000, 0x0000000088e00000|  0%| F|  |TAMS 0x0000000088d00000, 0x0000000088d00000| Untracked 
| 112|0x0000000088e00000, 0x0000000088e00000, 0x0000000088f00000|  0%| F|  |TAMS 0x0000000088e00000, 0x0000000088e00000| Untracked 
| 113|0x0000000088f00000, 0x0000000088f00000, 0x0000000089000000|  0%| F|  |TAMS 0x0000000088f00000, 0x0000000088f00000| Untracked 
| 114|0x0000000089000000, 0x0000000089000000, 0x0000000089100000|  0%| F|  |TAMS 0x0000000089000000, 0x0000000089000000| Untracked 
| 115|0x0000000089100000, 0x0000000089100000, 0x0000000089200000|  0%| F|  |TAMS 0x0000000089100000, 0x0000000089100000| Untracked 
| 116|0x0000000089200000, 0x0000000089200000, 0x0000000089300000|  0%| F|  |TAMS 0x0000000089200000, 0x0000000089200000| Untracked 
| 117|0x0000000089300000, 0x0000000089300000, 0x0000000089400000|  0%| F|  |TAMS 0x0000000089300000, 0x0000000089300000| Untracked 
| 118|0x0000000089400000, 0x0000000089400000, 0x0000000089500000|  0%| F|  |TAMS 0x0000000089400000, 0x0000000089400000| Untracked 
| 119|0x0000000089500000, 0x0000000089500000, 0x0000000089600000|  0%| F|  |TAMS 0x0000000089500000, 0x0000000089500000| Untracked 
| 120|0x0000000089600000, 0x0000000089600000, 0x0000000089700000|  0%| F|  |TAMS 0x0000000089600000, 0x0000000089600000| Untracked 
| 121|0x0000000089700000, 0x0000000089700000, 0x0000000089800000|  0%| F|  |TAMS 0x0000000089700000, 0x0000000089700000| Untracked 
| 122|0x0000000089800000, 0x0000000089800000, 0x0000000089900000|  0%| F|  |TAMS 0x0000000089800000, 0x0000000089800000| Untracked 
| 123|0x0000000089900000, 0x0000000089900000, 0x0000000089a00000|  0%| F|  |TAMS 0x0000000089900000, 0x0000000089900000| Untracked 
| 124|0x0000000089a00000, 0x0000000089a00000, 0x0000000089b00000|  0%| F|  |TAMS 0x0000000089a00000, 0x0000000089a00000| Untracked 
| 125|0x0000000089b00000, 0x0000000089bdcd60, 0x0000000089c00000| 86%| E|  |TAMS 0x0000000089b00000, 0x0000000089b00000| Complete 
| 126|0x0000000089c00000, 0x0000000089d00000, 0x0000000089d00000|100%| E|CS|TAMS 0x0000000089c00000, 0x0000000089c00000| Complete 
| 127|0x0000000089d00000, 0x0000000089e00000, 0x0000000089e00000|100%| E|CS|TAMS 0x0000000089d00000, 0x0000000089d00000| Complete 

Card table byte_map: [0x0000017cf6770000,0x0000017cf6b70000] _byte_map_base: 0x0000017cf6361000

Marking Bits (Prev, Next): (CMBitMap*) 0x0000017ce39ac700, (CMBitMap*) 0x0000017ce39ac740
 Prev Bits: [0x0000017cf6f70000, 0x0000017cf8ef8000)
 Next Bits: [0x0000017cf8f00000, 0x0000017cfae88000)

Polling page: 0x0000017ce1790000

Metaspace:

Usage:
  Non-class:      4.27 MB capacity,     4.21 MB ( 98%) used,    65.15 KB (  1%) free+waste,   640 bytes ( <1%) overhead. 
      Class:    426.00 KB capacity,   402.42 KB ( 94%) used,    23.14 KB (  5%) free+waste,   448 bytes ( <1%) overhead. 
       Both:      4.69 MB capacity,     4.60 MB ( 98%) used,    88.29 KB (  2%) free+waste,     1.06 KB ( <1%) overhead. 

Virtual space:
  Non-class space:       10.00 MB reserved,       4.50 MB ( 45%) committed 
      Class space:        1.00 GB reserved,     512.00 KB ( <1%) committed 
             Both:        1.01 GB reserved,       5.00 MB ( <1%) committed 

Chunk freelists:
   Non-Class:  44.00 KB
       Class:  22.00 KB
        Both:  66.00 KB

MaxMetaspaceSize: 17179869184.00 GB
CompressedClassSpaceSize: 1.00 GB

CodeHeap 'non-profiled nmethods': size=120000Kb used=45Kb max_used=45Kb free=119954Kb
 bounds [0x0000017ceee40000, 0x0000017cef0b0000, 0x0000017cf6370000]
CodeHeap 'profiled nmethods': size=120000Kb used=170Kb max_used=170Kb free=119830Kb
 bounds [0x0000017ce7910000, 0x0000017ce7b80000, 0x0000017ceee40000]
CodeHeap 'non-nmethods': size=5760Kb used=1067Kb max_used=1080Kb free=4693Kb
 bounds [0x0000017ce7370000, 0x0000017ce75e0000, 0x0000017ce7910000]
 total_blobs=450 nmethods=157 adapters=206
 compilation: enabled
              stopped_count=0, restarted_count=0
 full_count=0

Compilation events (20 events):
Event: 0.350 Thread 0x0000017cfdbdfd70  144       3       java.lang.StringBuilder::toString (35 bytes)
Event: 0.350 Thread 0x0000017cfdbdfd70 nmethod 144 0x0000017ce7937710 code [0x0000017ce79378e0, 0x0000017ce7937b98]
Event: 0.353 Thread 0x0000017cfdc1a210 nmethod 142 0x0000017ceee49810 code [0x0000017ceee499a0, 0x0000017ceee49b58]
Event: 0.353 Thread 0x0000017cfdc1a210  140       4       java.lang.AbstractStringBuilder::append (77 bytes)
Event: 0.353 Thread 0x0000017cfdbdfd70  145       1       java.net.URL::getHost (5 bytes)
Event: 0.353 Thread 0x0000017cfdbdfd70 nmethod 145 0x0000017ceee49c90 code [0x0000017ceee49e20, 0x0000017ceee49ed8]
Event: 0.357 Thread 0x0000017cfdc1a210 nmethod 140 0x0000017ceee49f90 code [0x0000017ceee4a120, 0x0000017ceee4a378]
Event: 0.357 Thread 0x0000017cfdc1a210  147       4       java.util.zip.ZipFile$Source::zipCoderForPos (39 bytes)
Event: 0.357 Thread 0x0000017cfdbdfd70  149       3       sun.nio.fs.WindowsPathParser::nextNonSlash (24 bytes)
Event: 0.358 Thread 0x0000017cfdc1a210 nmethod 147 0x0000017ceee4a590 code [0x0000017ceee4a720, 0x0000017ceee4a7b8]
Event: 0.358 Thread 0x0000017cfdc1a210  146       4       java.io.WinNTFileSystem::isSlash (18 bytes)
Event: 0.358 Thread 0x0000017cfdbdfd70 nmethod 149 0x0000017ce7937c90 code [0x0000017ce7937ea0, 0x0000017ce79385f8]
Event: 0.358 Thread 0x0000017cfdbdfd70  150       3       java.lang.StringBuilder::append (10 bytes)
Event: 0.358 Thread 0x0000017cfdc1a210 nmethod 146 0x0000017ceee4a890 code [0x0000017ceee4aa00, 0x0000017ceee4aa78]
Event: 0.358 Thread 0x0000017cfdbdfd70 nmethod 150 0x0000017ce7938910 code [0x0000017ce7938ac0, 0x0000017ce7938c08]
Event: 0.358 Thread 0x0000017cfdc1a210  148       4       java.util.zip.ZipUtils::CENFLG (9 bytes)
Event: 0.358 Thread 0x0000017cfdbdfd70  151       3       java.io.RandomAccessFile::read (8 bytes)
Event: 0.358 Thread 0x0000017cfdbdfd70 nmethod 151 0x0000017ce7938c90 code [0x0000017ce7938e40, 0x0000017ce7938f68]
Event: 0.359 Thread 0x0000017cfdc1a210 nmethod 148 0x0000017ceee4ab90 code [0x0000017ceee4ad00, 0x0000017ceee4adb8]
Event: 0.361 Thread 0x0000017cfdc1a210  152       4       java.util.zip.ZipFile$Source::isMetaName (141 bytes)

GC Heap History (0 events):
No events

Deoptimization events (20 events):
Event: 0.329 Thread 0x0000017ce396a210 DEOPT PACKING pc=0x0000017ce7930c66 sp=0x00000004f31fd7f0
Event: 0.329 Thread 0x0000017ce396a210 DEOPT UNPACKING pc=0x0000017ce73be23f sp=0x00000004f31fcc90 mode 0
Event: 0.329 Thread 0x0000017ce396a210 DEOPT PACKING pc=0x0000017ce7930c66 sp=0x00000004f31fd7f0
Event: 0.329 Thread 0x0000017ce396a210 DEOPT UNPACKING pc=0x0000017ce73be23f sp=0x00000004f31fcc90 mode 0
Event: 0.330 Thread 0x0000017ce396a210 DEOPT PACKING pc=0x0000017ce7930c66 sp=0x00000004f31fd7f0
Event: 0.330 Thread 0x0000017ce396a210 DEOPT UNPACKING pc=0x0000017ce73be23f sp=0x00000004f31fcc90 mode 0
Event: 0.331 Thread 0x0000017ce396a210 DEOPT PACKING pc=0x0000017ce7930c66 sp=0x00000004f31fd7f0
Event: 0.331 Thread 0x0000017ce396a210 DEOPT UNPACKING pc=0x0000017ce73be23f sp=0x00000004f31fcc90 mode 0
Event: 0.331 Thread 0x0000017ce396a210 DEOPT PACKING pc=0x0000017ce7930c66 sp=0x00000004f31fd7f0
Event: 0.331 Thread 0x0000017ce396a210 DEOPT UNPACKING pc=0x0000017ce73be23f sp=0x00000004f31fcc90 mode 0
Event: 0.331 Thread 0x0000017ce396a210 DEOPT PACKING pc=0x0000017ce7930c66 sp=0x00000004f31fd7f0
Event: 0.331 Thread 0x0000017ce396a210 DEOPT UNPACKING pc=0x0000017ce73be23f sp=0x00000004f31fcc90 mode 0
Event: 0.332 Thread 0x0000017ce396a210 DEOPT PACKING pc=0x0000017ce7930c66 sp=0x00000004f31fd7f0
Event: 0.332 Thread 0x0000017ce396a210 DEOPT UNPACKING pc=0x0000017ce73be23f sp=0x00000004f31fcc90 mode 0
Event: 0.332 Thread 0x0000017ce396a210 DEOPT PACKING pc=0x0000017ce7930c66 sp=0x00000004f31fd7f0
Event: 0.332 Thread 0x0000017ce396a210 DEOPT UNPACKING pc=0x0000017ce73be23f sp=0x00000004f31fcc90 mode 0
Event: 0.333 Thread 0x0000017ce396a210 DEOPT PACKING pc=0x0000017ce7930c66 sp=0x00000004f31fd7f0
Event: 0.333 Thread 0x0000017ce396a210 DEOPT UNPACKING pc=0x0000017ce73be23f sp=0x00000004f31fcc90 mode 0
Event: 0.333 Thread 0x0000017ce396a210 DEOPT PACKING pc=0x0000017ce7930c66 sp=0x00000004f31fd7f0
Event: 0.333 Thread 0x0000017ce396a210 DEOPT UNPACKING pc=0x0000017ce73be23f sp=0x00000004f31fcc90 mode 0

Classes unloaded (0 events):
No events

Classes redefined (0 events):
No events

Internal exceptions (0 events):
No events

Events (20 events):
Event: 0.285 loading class java/util/zip/Inflater$InflaterZStreamRef
Event: 0.285 loading class java/util/zip/Inflater$InflaterZStreamRef done
Event: 0.285 loading class java/util/zip/ZipFile$InflaterCleanupAction
Event: 0.285 loading class java/util/zip/ZipFile$InflaterCleanupAction done
Event: 0.318 loading class java/io/BufferedReader
Event: 0.318 loading class java/io/Reader
Event: 0.318 loading class java/io/Reader done
Event: 0.318 loading class java/io/BufferedReader done
Event: 0.318 loading class java/io/InputStreamReader
Event: 0.319 loading class java/io/InputStreamReader done
Event: 0.319 loading class sun/nio/cs/StreamDecoder
Event: 0.319 loading class sun/nio/cs/StreamDecoder done
Event: 0.322 loading class java/util/Vector
Event: 0.323 loading class java/util/Vector done
Event: 0.324 loading class java/util/LinkedList
Event: 0.324 loading class java/util/AbstractSequentialList
Event: 0.324 loading class java/util/AbstractSequentialList done
Event: 0.325 loading class java/util/LinkedList done
Event: 0.325 loading class java/util/LinkedList$Node
Event: 0.325 loading class java/util/LinkedList$Node done


Dynamic libraries:
0x00007ff68af90000 - 0x00007ff68af9d000 	C:\Program Files\Eclipse\plugins\org.eclipse.justj.openjdk.hotspot.jre.full.win32.x86_64_15.0.1.v20201027-0507\jre\bin\javaw.exe
0x00007ffd4dde0000 - 0x00007ffd4dfd0000 	C:\Windows\SYSTEM32\ntdll.dll
0x00007ffd4da00000 - 0x00007ffd4dab2000 	C:\Windows\System32\KERNEL32.DLL
0x00007ffd4b7e0000 - 0x00007ffd4ba85000 	C:\Windows\System32\KERNELBASE.dll
0x00007ffd4ba90000 - 0x00007ffd4bb8a000 	C:\Windows\System32\ucrtbase.dll
0x00007ffd3fdf0000 - 0x00007ffd3fe08000 	C:\Program Files\Eclipse\plugins\org.eclipse.justj.openjdk.hotspot.jre.full.win32.x86_64_15.0.1.v20201027-0507\jre\bin\jli.dll
0x00007ffd4d0c0000 - 0x00007ffd4d254000 	C:\Windows\System32\USER32.dll
0x00007ffd4bb90000 - 0x00007ffd4bbb1000 	C:\Windows\System32\win32u.dll
0x00007ffd4c3c0000 - 0x00007ffd4c3e6000 	C:\Windows\System32\GDI32.dll
0x00007ffd4aec0000 - 0x00007ffd4b058000 	C:\Windows\System32\gdi32full.dll
0x00007ffd4bbc0000 - 0x00007ffd4bc5e000 	C:\Windows\System32\msvcp_win.dll
0x00007ffd3fdd0000 - 0x00007ffd3fde9000 	C:\Program Files\Eclipse\plugins\org.eclipse.justj.openjdk.hotspot.jre.full.win32.x86_64_15.0.1.v20201027-0507\jre\bin\VCRUNTIME140.dll
0x00007ffd36060000 - 0x00007ffd362e4000 	C:\Windows\WinSxS\amd64_microsoft.windows.common-controls_6595b64144ccf1df_6.0.18362.1316_none_9e7a364fe461dbd7\COMCTL32.dll
0x00007ffd4ce70000 - 0x00007ffd4cf0e000 	C:\Windows\System32\msvcrt.dll
0x00007ffd4d260000 - 0x00007ffd4d597000 	C:\Windows\System32\combase.dll
0x00007ffd4dc10000 - 0x00007ffd4dd2f000 	C:\Windows\System32\RPCRT4.dll
0x00007ffd4ae10000 - 0x00007ffd4ae91000 	C:\Windows\System32\bcryptPrimitives.dll
0x00007ffd4db30000 - 0x00007ffd4db5e000 	C:\Windows\System32\IMM32.DLL
0x00007ffd47560000 - 0x00007ffd4756c000 	C:\Program Files\Eclipse\plugins\org.eclipse.justj.openjdk.hotspot.jre.full.win32.x86_64_15.0.1.v20201027-0507\jre\bin\vcruntime140_1.dll
0x00007ffd2d450000 - 0x00007ffd2d4e1000 	C:\Program Files\Eclipse\plugins\org.eclipse.justj.openjdk.hotspot.jre.full.win32.x86_64_15.0.1.v20201027-0507\jre\bin\msvcp140.dll
0x00007ffd056a0000 - 0x00007ffd061fe000 	C:\Program Files\Eclipse\plugins\org.eclipse.justj.openjdk.hotspot.jre.full.win32.x86_64_15.0.1.v20201027-0507\jre\bin\server\jvm.dll
0x00007ffd4d950000 - 0x00007ffd4d9f3000 	C:\Windows\System32\ADVAPI32.dll
0x00007ffd4d8b0000 - 0x00007ffd4d947000 	C:\Windows\System32\sechost.dll
0x00007ffd4cc30000 - 0x00007ffd4cc38000 	C:\Windows\System32\PSAPI.DLL
0x00007ffd43d20000 - 0x00007ffd43d29000 	C:\Windows\SYSTEM32\WSOCK32.dll
0x00007ffd4dac0000 - 0x00007ffd4db2f000 	C:\Windows\System32\WS2_32.dll
0x00007ffd47a10000 - 0x00007ffd47a34000 	C:\Windows\SYSTEM32\WINMM.dll
0x00007ffd40b20000 - 0x00007ffd40b2a000 	C:\Windows\SYSTEM32\VERSION.dll
0x00007ffd479e0000 - 0x00007ffd47a0d000 	C:\Windows\SYSTEM32\WINMMBASE.dll
0x00007ffd4bde0000 - 0x00007ffd4be2a000 	C:\Windows\System32\cfgmgr32.dll
0x00007ffd4ad40000 - 0x00007ffd4ad51000 	C:\Windows\System32\kernel.appcore.dll
0x00007ffd3e140000 - 0x00007ffd3e14a000 	C:\Program Files\Eclipse\plugins\org.eclipse.justj.openjdk.hotspot.jre.full.win32.x86_64_15.0.1.v20201027-0507\jre\bin\jimage.dll
0x00007ffd42ea0000 - 0x00007ffd43094000 	C:\Windows\SYSTEM32\DBGHELP.DLL
0x00007ffd42e70000 - 0x00007ffd42e9a000 	C:\Windows\SYSTEM32\dbgcore.DLL
0x00007ffd18540000 - 0x00007ffd18565000 	C:\Program Files\Eclipse\plugins\org.eclipse.justj.openjdk.hotspot.jre.full.win32.x86_64_15.0.1.v20201027-0507\jre\bin\java.dll
0x00007ffd36640000 - 0x00007ffd36658000 	C:\Program Files\Eclipse\plugins\org.eclipse.justj.openjdk.hotspot.jre.full.win32.x86_64_15.0.1.v20201027-0507\jre\bin\zip.dll
0x00007ffd4c540000 - 0x00007ffd4cc28000 	C:\Windows\System32\SHELL32.dll
0x00007ffd4cc40000 - 0x00007ffd4cce7000 	C:\Windows\System32\shcore.dll
0x00007ffd4b060000 - 0x00007ffd4b7db000 	C:\Windows\System32\windows.storage.dll
0x00007ffd4aca0000 - 0x00007ffd4acc3000 	C:\Windows\System32\profapi.dll
0x00007ffd4acf0000 - 0x00007ffd4ad3a000 	C:\Windows\System32\powrprof.dll
0x00007ffd4ac90000 - 0x00007ffd4aca0000 	C:\Windows\System32\UMPDC.dll
0x00007ffd4c300000 - 0x00007ffd4c352000 	C:\Windows\System32\shlwapi.dll
0x00007ffd4aea0000 - 0x00007ffd4aeb7000 	C:\Windows\System32\cryptsp.dll
0x00007ffd35a60000 - 0x00007ffd35a79000 	C:\Program Files\Eclipse\plugins\org.eclipse.justj.openjdk.hotspot.jre.full.win32.x86_64_15.0.1.v20201027-0507\jre\bin\net.dll
0x00007ffd434c0000 - 0x00007ffd435b0000 	C:\Windows\SYSTEM32\WINHTTP.dll
0x00007ffd4a420000 - 0x00007ffd4a487000 	C:\Windows\system32\mswsock.dll
0x00007ffd34690000 - 0x00007ffd346a2000 	C:\Program Files\Eclipse\plugins\org.eclipse.justj.openjdk.hotspot.jre.full.win32.x86_64_15.0.1.v20201027-0507\jre\bin\nio.dll

dbghelp: loaded successfully - version: 4.0.5 - missing functions: none
symbol engine: initialized successfully - sym options: 0x614 - pdb path: .;C:\Program Files\Eclipse\plugins\org.eclipse.justj.openjdk.hotspot.jre.full.win32.x86_64_15.0.1.v20201027-0507\jre\bin;C:\Windows\SYSTEM32;C:\Windows\WinSxS\amd64_microsoft.windows.common-controls_6595b64144ccf1df_6.0.18362.1316_none_9e7a364fe461dbd7;C:\Program Files\Eclipse\plugins\org.eclipse.justj.openjdk.hotspot.jre.full.win32.x86_64_15.0.1.v20201027-0507\jre\bin\server

VM Arguments:
jvm_args: -Dfile.encoding=UTF-8 -XX:+ShowCodeDetailsInExceptionMessages 
java_command: br.com.erudio.Startup
java_class_path (initial): D:\Code\UdemySpringBoot\RestWithSpringBootUdemy\02 RestWithSptingBopotUdemy Scaffold Calculator\target\classes;C:\Users\angel\.m2\repository\org\springframework\boot\spring-boot-starter-data-rest\2.1.3.RELEASE\spring-boot-starter-data-rest-2.1.3.RELEASE.jar;C:\Users\angel\.m2\repository\org\springframework\boot\spring-boot-starter-web\2.1.3.RELEASE\spring-boot-starter-web-2.1.3.RELEASE.jar;C:\Users\angel\.m2\repository\org\springframework\boot\spring-boot-starter-json\2.1.3.RELEASE\spring-boot-starter-json-2.1.3.RELEASE.jar;C:\Users\angel\.m2\repository\com\fasterxml\jackson\datatype\jackson-datatype-jdk8\2.9.8\jackson-datatype-jdk8-2.9.8.jar;C:\Users\angel\.m2\repository\com\fasterxml\jackson\datatype\jackson-datatype-jsr310\2.9.8\jackson-datatype-jsr310-2.9.8.jar;C:\Users\angel\.m2\repository\com\fasterxml\jackson\module\jackson-module-parameter-names\2.9.8\jackson-module-parameter-names-2.9.8.jar;C:\Users\angel\.m2\repository\org\springframework\boot\spring-boot-starter-tomcat\2.1.3.RELEASE\spring-boot-starter-tomcat-2.1.3.RELEASE.jar;C:\Users\angel\.m2\repository\org\apache\tomcat\embed\tomcat-embed-core\9.0.16\tomcat-embed-core-9.0.16.jar;C:\Users\angel\.m2\repository\org\apache\tomcat\embed\tomcat-embed-el\9.0.16\tomcat-embed-el-9.0.16.jar;C:\Users\angel\.m2\repository\org\apache\tomcat\embed\tomcat-embed-websocket\9.0.16\tomcat-embed-websocket-9.0.16.jar;C:\Users\angel\.m2\repository\org\hibernate\validator\hibernate-validator\6.0.14.Final\hibernate-validator-6.0.14.Final.jar;C:\Users\angel\.m2\repository\javax\validation\validation-api\2.0.1.Final\validation-api-2.0.1.Final.jar;C:\Users\angel\.m2\repository\org\jboss\logging\jboss-logging\3.3.2.Final\jboss-logging-3.3.2.Final.jar;C:\Users\angel\.m2\repository\com\fasterxml\classmate\1.4.0\classmate-1.4.0.jar;C:\Users\angel\.m2\repository\org\springframework\spring-web\5.1.5.RELEASE\spring-web-5.1.5.RELEASE.jar;C:\Users\angel\.m2\repository\org\springframework\spring-beans\5.1.5.R
Launcher Type: SUN_STANDARD

[Global flags]
     intx CICompilerCount                          = 3                                         {product} {ergonomic}
     uint ConcGCThreads                            = 1                                         {product} {ergonomic}
     uint G1ConcRefinementThreads                  = 4                                         {product} {ergonomic}
   size_t G1HeapRegionSize                         = 1048576                                   {product} {ergonomic}
    uintx GCDrainStackTargetSize                   = 64                                        {product} {ergonomic}
   size_t InitialHeapSize                          = 134217728                                 {product} {ergonomic}
   size_t MarkStackSize                            = 4194304                                   {product} {ergonomic}
   size_t MaxHeapSize                              = 2116026368                                {product} {ergonomic}
   size_t MaxNewSize                               = 1268776960                                {product} {ergonomic}
   size_t MinHeapDeltaBytes                        = 1048576                                   {product} {ergonomic}
   size_t MinHeapSize                              = 8388608                                   {product} {ergonomic}
    uintx NonNMethodCodeHeapSize                   = 5832780                                {pd product} {ergonomic}
    uintx NonProfiledCodeHeapSize                  = 122912730                              {pd product} {ergonomic}
    uintx ProfiledCodeHeapSize                     = 122912730                              {pd product} {ergonomic}
    uintx ReservedCodeCacheSize                    = 251658240                              {pd product} {ergonomic}
     bool SegmentedCodeCache                       = true                                      {product} {ergonomic}
     bool ShowCodeDetailsInExceptionMessages       = true                                   {manageable} {command line}
   size_t SoftMaxHeapSize                          = 2116026368                             {manageable} {ergonomic}
     bool UseCompressedClassPointers               = true                                 {lp64_product} {ergonomic}
     bool UseCompressedOops                        = true                                 {lp64_product} {ergonomic}
     bool UseG1GC                                  = true                                      {product} {ergonomic}
     bool UseLargePagesIndividualAllocation        = false                                  {pd product} {ergonomic}

Logging:
Log output configuration:
 #0: stdout all=warning uptime,level,tags
 #1: stderr all=off uptime,level,tags

Environment Variables:
JAVA_HOME=C:\Program Files\Java\jdk-14.0.1
PATH=C:/Program Files/Eclipse//plugins/org.eclipse.justj.openjdk.hotspot.jre.full.win32.x86_64_15.0.1.v20201027-0507/jre/bin/server;C:/Program Files/Eclipse//plugins/org.eclipse.justj.openjdk.hotspot.jre.full.win32.x86_64_15.0.1.v20201027-0507/jre/bin;C:\Program Files\Common Files\Oracle\Java\javapath;C:\Program Files (x86)\Common Files\Oracle\Java\javapath;C:\Windows\system32;C:\Windows;C:\Windows\System32\Wbem;C:\Windows\System32\WindowsPowerShell\v1.0\;C:\Windows\System32\OpenSSH\;C:\Program Files\nodejs\;C:\Program Files\Java\jdk-11.0.9\bin;C:\Program Files\Maven\apache-maven-3.6.3\bin;C:\Program Files\Git\cmd;C:\Program Files\Git\mingw64\bin;C:\Program Files\Git\usr\bin;C:\Program Files\Docker\Docker\resources\bin;C:\ProgramData\DockerDesktop\version-bin;C:\Program Files\Java\jdk1.8.0_251\bin;C:\Users\angel\AppData\Roaming\npm;C:\Users\angel\AppData\Local\Android\Sdk\platform-tools;;C:\Program Files\Eclipse;
USERNAME=angel
OS=Windows_NT
PROCESSOR_IDENTIFIER=Intel64 Family 6 Model 58 Stepping 9, GenuineIntel



---------------  S Y S T E M  ---------------

OS:
 Windows 10 , 64 bit Build 18362 (10.0.18362.1316)
OS uptime: 6 days 19:41 hours
HyperV virtualization detected

CPU: total 4 (initial active 4) (2 cores per cpu, 2 threads per core) family 6 model 58 stepping 9 microcode 0x21, cmov, cx8, fxsr, mmx, sse, sse2, sse3, ssse3, sse4.1, sse4.2, popcnt, vzeroupper, avx, clmul, erms, ht, tsc, tscinvbit, tscinv, clflush

Memory: 4k page, system-wide physical 8068M (999M free)
TotalPageFile size 8068M (AvailPageFile size 2M)
current process WorkingSet (physical memory assigned to process): 32M, peak: 32M
current process commit charge ("private bytes"): 196M, peak: 196M

vm_info: OpenJDK 64-Bit Server VM (15.0.1+9-18) for windows-amd64 JRE (15.0.1+9-18), built on Sep 15 2020 14:39:31 by "mach5one" with unknown MS VC++:1925

END.
